#-----------------------------------------------------------
# Vivado v2017.3 (64-bit)
# SW Build 2018833 on Wed Oct  4 19:58:22 MDT 2017
# IP Build 2016188 on Wed Oct  4 21:52:56 MDT 2017
# Start of session at: Wed Jul 29 16:49:17 2020
# Process ID: 10380
# Current directory: C:/Projekt/spaceinvaders_project/SpaceInvaders_microblaze_project
# Command line: vivado.exe -gui_launcher_event rodinguilauncherevent22928 C:\Projekt\spaceinvaders_project\SpaceInvaders_microblaze_project\SpaceInvaders_microblaze_project.xpr
# Log file: C:/Projekt/spaceinvaders_project/SpaceInvaders_microblaze_project/vivado.log
# Journal file: C:/Projekt/spaceinvaders_project/SpaceInvaders_microblaze_project\vivado.jou
#-----------------------------------------------------------
start_gui
open_project C:/Projekt/spaceinvaders_project/SpaceInvaders_microblaze_project/SpaceInvaders_microblaze_project.xpr
Scanning sources...
Finished scanning sources
INFO: [IP_Flow 19-234] Refreshing IP repositories
INFO: [IP_Flow 19-1704] No user IP repositories specified
INFO: [IP_Flow 19-2313] Loaded Vivado IP repository 'C:/Xilinx/Vivado/2017.3/data/ip'.
open_project: Time (s): cpu = 00:00:15 ; elapsed = 00:00:08 . Memory (MB): peak = 922.137 ; gain = 158.285
update_compile_order -fileset sources_1
open_bd_design {C:/Projekt/spaceinvaders_project/SpaceInvaders_microblaze_project/SpaceInvaders_microblaze_project.srcs/sources_1/bd/system/system.bd}
Adding cell -- xilinx.com:ip:clk_wiz:5.4 - clk_wiz_0
Adding cell -- xilinx.com:ip:microblaze:10.0 - microblaze_0
Adding cell -- xilinx.com:ip:mdm:3.2 - mdm_1
Adding cell -- xilinx.com:ip:proc_sys_reset:5.0 - rst_clk_wiz_0_100M
Adding cell -- xilinx.com:ip:axi_uartlite:2.0 - axi_uartlite_0
Adding cell -- xilinx.com:ip:lmb_v10:3.0 - dlmb_v10
Adding cell -- xilinx.com:ip:lmb_v10:3.0 - ilmb_v10
Adding cell -- xilinx.com:ip:lmb_bram_if_cntlr:4.0 - dlmb_bram_if_cntlr
Adding cell -- xilinx.com:ip:lmb_bram_if_cntlr:4.0 - ilmb_bram_if_cntlr
Adding cell -- xilinx.com:ip:blk_mem_gen:8.4 - lmb_bram
Successfully read diagram <system> from BD file <C:/Projekt/spaceinvaders_project/SpaceInvaders_microblaze_project/SpaceInvaders_microblaze_project.srcs/sources_1/bd/system/system.bd>
open_bd_design: Time (s): cpu = 00:00:08 ; elapsed = 00:00:07 . Memory (MB): peak = 969.371 ; gain = 47.234
startgroup
create_bd_cell -type ip -vlnv xilinx.com:ip:axi_gpio:2.0 axi_gpio_0
endgroup
startgroup
apply_bd_automation -rule xilinx.com:bd_rule:axi4 -config {Master "/microblaze_0 (Periph)" intc_ip "/microblaze_0_axi_periph" Clk_xbar "Auto" Clk_master "Auto" Clk_slave "Auto" }  [get_bd_intf_pins axi_gpio_0/S_AXI]
</axi_gpio_0/S_AXI/Reg> is being mapped into </microblaze_0/Data> at <0x40000000 [ 64K ]>
apply_bd_automation -rule xilinx.com:bd_rule:board -config {Board_Interface "dip_switches_16bits ( 16 Switches ) " }  [get_bd_intf_pins axi_gpio_0/GPIO]
INFO: [board_rule 100-100] set_property CONFIG.USE_BOARD_FLOW true [get_bd_cells /axi_gpio_0]
INFO: [board_rule 100-100] set_property CONFIG.GPIO_BOARD_INTERFACE dip_switches_16bits [get_bd_cells /axi_gpio_0]
WARNING: [Board 49-26] cannot add Board Part digilentinc.com:arty-s7-25:part0:1.0 available at C:/Xilinx/Vivado/2017.3/data/boards/board_files/board_files/arty-s7-25/E.0/board.xml as part xc7s25csga324-1 specified in board_part file is either invalid or not available
WARNING: [Board 49-26] cannot add Board Part digilentinc.com:genesys2:part0:1.1 available at C:/Xilinx/Vivado/2017.3/data/boards/board_files/board_files/genesys2/H/board.xml as part xc7k325tffg900-2 specified in board_part file is either invalid or not available
WARNING: [Board 49-26] cannot add Board Part digilentinc.com:arty-s7-25:part0:1.0 available at C:/Xilinx/Vivado/2017.3/data/boards/board_files/board_files/arty-s7-25/E.0/board.xml as part xc7s25csga324-1 specified in board_part file is either invalid or not available
WARNING: [Board 49-26] cannot add Board Part digilentinc.com:genesys2:part0:1.1 available at C:/Xilinx/Vivado/2017.3/data/boards/board_files/board_files/genesys2/H/board.xml as part xc7k325tffg900-2 specified in board_part file is either invalid or not available
WARNING: [Board 49-26] cannot add Board Part digilentinc.com:arty-s7-25:part0:1.0 available at C:/Xilinx/Vivado/2017.3/data/boards/board_files/board_files/arty-s7-25/E.0/board.xml as part xc7s25csga324-1 specified in board_part file is either invalid or not available
WARNING: [Board 49-26] cannot add Board Part digilentinc.com:genesys2:part0:1.1 available at C:/Xilinx/Vivado/2017.3/data/boards/board_files/board_files/genesys2/H/board.xml as part xc7k325tffg900-2 specified in board_part file is either invalid or not available
WARNING: [Board 49-26] cannot add Board Part digilentinc.com:arty-s7-25:part0:1.0 available at C:/Xilinx/Vivado/2017.3/data/boards/board_files/board_files/arty-s7-25/E.0/board.xml as part xc7s25csga324-1 specified in board_part file is either invalid or not available
WARNING: [Board 49-26] cannot add Board Part digilentinc.com:genesys2:part0:1.1 available at C:/Xilinx/Vivado/2017.3/data/boards/board_files/board_files/genesys2/H/board.xml as part xc7k325tffg900-2 specified in board_part file is either invalid or not available
WARNING: [Board 49-26] cannot add Board Part digilentinc.com:arty-s7-25:part0:1.0 available at C:/Xilinx/Vivado/2017.3/data/boards/board_files/board_files/arty-s7-25/E.0/board.xml as part xc7s25csga324-1 specified in board_part file is either invalid or not available
WARNING: [Board 49-26] cannot add Board Part digilentinc.com:genesys2:part0:1.1 available at C:/Xilinx/Vivado/2017.3/data/boards/board_files/board_files/genesys2/H/board.xml as part xc7k325tffg900-2 specified in board_part file is either invalid or not available
WARNING: [Board 49-26] cannot add Board Part digilentinc.com:arty-s7-25:part0:1.0 available at C:/Xilinx/Vivado/2017.3/data/boards/board_files/board_files/arty-s7-25/E.0/board.xml as part xc7s25csga324-1 specified in board_part file is either invalid or not available
WARNING: [Board 49-26] cannot add Board Part digilentinc.com:genesys2:part0:1.1 available at C:/Xilinx/Vivado/2017.3/data/boards/board_files/board_files/genesys2/H/board.xml as part xc7k325tffg900-2 specified in board_part file is either invalid or not available
WARNING: [Board 49-26] cannot add Board Part digilentinc.com:arty-s7-25:part0:1.0 available at C:/Xilinx/Vivado/2017.3/data/boards/board_files/board_files/arty-s7-25/E.0/board.xml as part xc7s25csga324-1 specified in board_part file is either invalid or not available
WARNING: [Board 49-26] cannot add Board Part digilentinc.com:genesys2:part0:1.1 available at C:/Xilinx/Vivado/2017.3/data/boards/board_files/board_files/genesys2/H/board.xml as part xc7k325tffg900-2 specified in board_part file is either invalid or not available
WARNING: [Board 49-26] cannot add Board Part digilentinc.com:arty-s7-25:part0:1.0 available at C:/Xilinx/Vivado/2017.3/data/boards/board_files/board_files/arty-s7-25/E.0/board.xml as part xc7s25csga324-1 specified in board_part file is either invalid or not available
WARNING: [Board 49-26] cannot add Board Part digilentinc.com:genesys2:part0:1.1 available at C:/Xilinx/Vivado/2017.3/data/boards/board_files/board_files/genesys2/H/board.xml as part xc7k325tffg900-2 specified in board_part file is either invalid or not available
WARNING: [Board 49-26] cannot add Board Part digilentinc.com:arty-s7-25:part0:1.0 available at C:/Xilinx/Vivado/2017.3/data/boards/board_files/board_files/arty-s7-25/E.0/board.xml as part xc7s25csga324-1 specified in board_part file is either invalid or not available
WARNING: [Board 49-26] cannot add Board Part digilentinc.com:genesys2:part0:1.1 available at C:/Xilinx/Vivado/2017.3/data/boards/board_files/board_files/genesys2/H/board.xml as part xc7k325tffg900-2 specified in board_part file is either invalid or not available
WARNING: [Board 49-26] cannot add Board Part digilentinc.com:arty-s7-25:part0:1.0 available at C:/Xilinx/Vivado/2017.3/data/boards/board_files/board_files/arty-s7-25/E.0/board.xml as part xc7s25csga324-1 specified in board_part file is either invalid or not available
WARNING: [Board 49-26] cannot add Board Part digilentinc.com:genesys2:part0:1.1 available at C:/Xilinx/Vivado/2017.3/data/boards/board_files/board_files/genesys2/H/board.xml as part xc7k325tffg900-2 specified in board_part file is either invalid or not available
WARNING: [Board 49-26] cannot add Board Part digilentinc.com:arty-s7-25:part0:1.0 available at C:/Xilinx/Vivado/2017.3/data/boards/board_files/board_files/arty-s7-25/E.0/board.xml as part xc7s25csga324-1 specified in board_part file is either invalid or not available
WARNING: [Board 49-26] cannot add Board Part digilentinc.com:genesys2:part0:1.1 available at C:/Xilinx/Vivado/2017.3/data/boards/board_files/board_files/genesys2/H/board.xml as part xc7k325tffg900-2 specified in board_part file is either invalid or not available
WARNING: [Board 49-26] cannot add Board Part digilentinc.com:arty-s7-25:part0:1.0 available at C:/Xilinx/Vivado/2017.3/data/boards/board_files/board_files/arty-s7-25/E.0/board.xml as part xc7s25csga324-1 specified in board_part file is either invalid or not available
WARNING: [Board 49-26] cannot add Board Part digilentinc.com:genesys2:part0:1.1 available at C:/Xilinx/Vivado/2017.3/data/boards/board_files/board_files/genesys2/H/board.xml as part xc7k325tffg900-2 specified in board_part file is either invalid or not available
WARNING: [Board 49-26] cannot add Board Part digilentinc.com:arty-s7-25:part0:1.0 available at C:/Xilinx/Vivado/2017.3/data/boards/board_files/board_files/arty-s7-25/E.0/board.xml as part xc7s25csga324-1 specified in board_part file is either invalid or not available
WARNING: [Board 49-26] cannot add Board Part digilentinc.com:genesys2:part0:1.1 available at C:/Xilinx/Vivado/2017.3/data/boards/board_files/board_files/genesys2/H/board.xml as part xc7k325tffg900-2 specified in board_part file is either invalid or not available
WARNING: [Board 49-26] cannot add Board Part digilentinc.com:arty-s7-25:part0:1.0 available at C:/Xilinx/Vivado/2017.3/data/boards/board_files/board_files/arty-s7-25/E.0/board.xml as part xc7s25csga324-1 specified in board_part file is either invalid or not available
WARNING: [Board 49-26] cannot add Board Part digilentinc.com:genesys2:part0:1.1 available at C:/Xilinx/Vivado/2017.3/data/boards/board_files/board_files/genesys2/H/board.xml as part xc7k325tffg900-2 specified in board_part file is either invalid or not available
INFO: [board_rule 100-100] create_bd_intf_port -mode Master -vlnv xilinx.com:interface:gpio_rtl:1.0 dip_switches_16bits
INFO: [board_rule 100-100] connect_bd_intf_net /dip_switches_16bits /axi_gpio_0/GPIO
endgroup
startgroup
create_bd_cell -type ip -vlnv xilinx.com:ip:dp_rx_subsystem:2.1 dp_rx_subsystem_0
WARNING: [IP_Flow 19-2162] IP 'system_dp_rx_subsystem_0_0' is locked:
* IP 'system_dp_rx_subsystem_0_0' requires one or more mandatory licenses but no valid licenses were found. However license checkpoints may prevent use of this IP in some tool flows.
Please select 'Report IP Status' from the 'Tools/Report' menu or run Tcl command 'report_ip_status' for more information.
endgroup
startgroup
create_bd_cell -type ip -vlnv xilinx.com:ip:dp_tx_subsystem:2.1 dp_tx_subsystem_0
WARNING: [IP_Flow 19-2162] IP 'system_dp_tx_subsystem_0_0' is locked:
* IP 'system_dp_tx_subsystem_0_0' requires one or more mandatory licenses but no valid licenses were found. However license checkpoints may prevent use of this IP in some tool flows.
Please select 'Report IP Status' from the 'Tools/Report' menu or run Tcl command 'report_ip_status' for more information.
endgroup
report_ip_status -name ip_status 
delete_bd_objs [get_bd_cells dp_rx_subsystem_0]
delete_bd_objs [get_bd_cells dp_tx_subsystem_0]
report_ip_status -name ip_status 
validate_bd_design
save_bd_design
Wrote  : <C:/Projekt/spaceinvaders_project/SpaceInvaders_microblaze_project/SpaceInvaders_microblaze_project.srcs/sources_1/bd/system/system.bd> 
Wrote  : <C:/Projekt/spaceinvaders_project/SpaceInvaders_microblaze_project/SpaceInvaders_microblaze_project.srcs/sources_1/bd/system/ui/bd_c954508f.ui> 
reset_run synth_1
WARNING: [Vivado 12-1017] Problems encountered:
1. Failed to delete one or more files in run directory C:/Projekt/spaceinvaders_project/SpaceInvaders_microblaze_project/SpaceInvaders_microblaze_project.runs/synth_1

reset_run system_dlmb_bram_if_cntlr_0_synth_1
WARNING: [Vivado 12-1017] Problems encountered:
1. Failed to delete one or more files in run directory C:/Projekt/spaceinvaders_project/SpaceInvaders_microblaze_project/SpaceInvaders_microblaze_project.runs/system_dlmb_bram_if_cntlr_0_synth_1

launch_runs impl_1 -to_step write_bitstream -jobs 4
INFO: [BD 41-1662] The design 'system.bd' is already validated. Therefore parameter propagation will not be re-run.
VHDL Output written to : C:/Projekt/spaceinvaders_project/SpaceInvaders_microblaze_project/SpaceInvaders_microblaze_project.srcs/sources_1/bd/system/synth/system.v
VHDL Output written to : C:/Projekt/spaceinvaders_project/SpaceInvaders_microblaze_project/SpaceInvaders_microblaze_project.srcs/sources_1/bd/system/sim/system.v
VHDL Output written to : C:/Projekt/spaceinvaders_project/SpaceInvaders_microblaze_project/SpaceInvaders_microblaze_project.srcs/sources_1/bd/system/hdl/system_wrapper.v
INFO: [BD 41-1029] Generation completed for the IP Integrator block clk_wiz_0 .
INFO: [BD 41-1029] Generation completed for the IP Integrator block microblaze_0 .
INFO: [BD 41-1029] Generation completed for the IP Integrator block mdm_1 .
INFO: [BD 41-1029] Generation completed for the IP Integrator block rst_clk_wiz_0_100M .
INFO: [BD 41-1029] Generation completed for the IP Integrator block axi_uartlite_0 .
INFO: [BD 41-1029] Generation completed for the IP Integrator block microblaze_0_local_memory/dlmb_v10 .
INFO: [BD 41-1029] Generation completed for the IP Integrator block microblaze_0_local_memory/ilmb_v10 .
INFO: [BD 41-1029] Generation completed for the IP Integrator block microblaze_0_local_memory/dlmb_bram_if_cntlr .
INFO: [BD 41-1029] Generation completed for the IP Integrator block microblaze_0_local_memory/ilmb_bram_if_cntlr .
INFO: [BD 41-1029] Generation completed for the IP Integrator block microblaze_0_local_memory/lmb_bram .
WARNING: [Board 49-26] cannot add Board Part digilentinc.com:arty-s7-25:part0:1.0 available at C:/Xilinx/Vivado/2017.3/data/boards/board_files/board_files/arty-s7-25/E.0/board.xml as part xc7s25csga324-1 specified in board_part file is either invalid or not available
WARNING: [Board 49-26] cannot add Board Part digilentinc.com:genesys2:part0:1.1 available at C:/Xilinx/Vivado/2017.3/data/boards/board_files/board_files/genesys2/H/board.xml as part xc7k325tffg900-2 specified in board_part file is either invalid or not available
WARNING: [Board 49-26] cannot add Board Part digilentinc.com:arty-s7-25:part0:1.0 available at C:/Xilinx/Vivado/2017.3/data/boards/board_files/board_files/arty-s7-25/E.0/board.xml as part xc7s25csga324-1 specified in board_part file is either invalid or not available
WARNING: [Board 49-26] cannot add Board Part digilentinc.com:genesys2:part0:1.1 available at C:/Xilinx/Vivado/2017.3/data/boards/board_files/board_files/genesys2/H/board.xml as part xc7k325tffg900-2 specified in board_part file is either invalid or not available
WARNING: [Board 49-26] cannot add Board Part digilentinc.com:arty-s7-25:part0:1.0 available at C:/Xilinx/Vivado/2017.3/data/boards/board_files/board_files/arty-s7-25/E.0/board.xml as part xc7s25csga324-1 specified in board_part file is either invalid or not available
WARNING: [Board 49-26] cannot add Board Part digilentinc.com:genesys2:part0:1.1 available at C:/Xilinx/Vivado/2017.3/data/boards/board_files/board_files/genesys2/H/board.xml as part xc7k325tffg900-2 specified in board_part file is either invalid or not available
WARNING: [Board 49-26] cannot add Board Part digilentinc.com:arty-s7-25:part0:1.0 available at C:/Xilinx/Vivado/2017.3/data/boards/board_files/board_files/arty-s7-25/E.0/board.xml as part xc7s25csga324-1 specified in board_part file is either invalid or not available
WARNING: [Board 49-26] cannot add Board Part digilentinc.com:genesys2:part0:1.1 available at C:/Xilinx/Vivado/2017.3/data/boards/board_files/board_files/genesys2/H/board.xml as part xc7k325tffg900-2 specified in board_part file is either invalid or not available
WARNING: [Board 49-26] cannot add Board Part digilentinc.com:arty-s7-25:part0:1.0 available at C:/Xilinx/Vivado/2017.3/data/boards/board_files/board_files/arty-s7-25/E.0/board.xml as part xc7s25csga324-1 specified in board_part file is either invalid or not available
WARNING: [Board 49-26] cannot add Board Part digilentinc.com:genesys2:part0:1.1 available at C:/Xilinx/Vivado/2017.3/data/boards/board_files/board_files/genesys2/H/board.xml as part xc7k325tffg900-2 specified in board_part file is either invalid or not available
INFO: [BD 41-1029] Generation completed for the IP Integrator block axi_gpio_0 .
INFO: [BD 41-1029] Generation completed for the IP Integrator block microblaze_0_axi_periph/xbar .
Exporting to file C:/Projekt/spaceinvaders_project/SpaceInvaders_microblaze_project/SpaceInvaders_microblaze_project.srcs/sources_1/bd/system/hw_handoff/system.hwh
Generated Block Design Tcl file C:/Projekt/spaceinvaders_project/SpaceInvaders_microblaze_project/SpaceInvaders_microblaze_project.srcs/sources_1/bd/system/hw_handoff/system_bd.tcl
Generated Hardware Definition File C:/Projekt/spaceinvaders_project/SpaceInvaders_microblaze_project/SpaceInvaders_microblaze_project.srcs/sources_1/bd/system/synth/system.hwdef
[Wed Jul 29 17:48:39 2020] Launched system_dlmb_bram_if_cntlr_0_synth_1, system_axi_gpio_0_0_synth_1, system_xbar_0_synth_1, synth_1...
Run output will be captured here:
system_dlmb_bram_if_cntlr_0_synth_1: C:/Projekt/spaceinvaders_project/SpaceInvaders_microblaze_project/SpaceInvaders_microblaze_project.runs/system_dlmb_bram_if_cntlr_0_synth_1/runme.log
system_axi_gpio_0_0_synth_1: C:/Projekt/spaceinvaders_project/SpaceInvaders_microblaze_project/SpaceInvaders_microblaze_project.runs/system_axi_gpio_0_0_synth_1/runme.log
system_xbar_0_synth_1: C:/Projekt/spaceinvaders_project/SpaceInvaders_microblaze_project/SpaceInvaders_microblaze_project.runs/system_xbar_0_synth_1/runme.log
synth_1: C:/Projekt/spaceinvaders_project/SpaceInvaders_microblaze_project/SpaceInvaders_microblaze_project.runs/synth_1/runme.log
[Wed Jul 29 17:48:39 2020] Launched impl_1...
Run output will be captured here: C:/Projekt/spaceinvaders_project/SpaceInvaders_microblaze_project/SpaceInvaders_microblaze_project.runs/impl_1/runme.log
launch_runs: Time (s): cpu = 00:00:04 ; elapsed = 00:00:08 . Memory (MB): peak = 1138.973 ; gain = 70.957
open_run impl_1
INFO: [Netlist 29-17] Analyzing 294 Unisim elements for replacement
INFO: [Netlist 29-28] Unisim Transformation completed in 1 CPU seconds
INFO: [Project 1-479] Netlist was created with Vivado 2017.3
INFO: [Device 21-403] Loading part xc7a35tcpg236-1
INFO: [Project 1-570] Preparing netlist for logic optimization
Parsing XDC File [C:/Projekt/spaceinvaders_project/SpaceInvaders_microblaze_project/.Xil/Vivado-10380-DESKTOP-GG9V6KE/dcp19/system_wrapper_board.xdc]
Finished Parsing XDC File [C:/Projekt/spaceinvaders_project/SpaceInvaders_microblaze_project/.Xil/Vivado-10380-DESKTOP-GG9V6KE/dcp19/system_wrapper_board.xdc]
Parsing XDC File [C:/Projekt/spaceinvaders_project/SpaceInvaders_microblaze_project/.Xil/Vivado-10380-DESKTOP-GG9V6KE/dcp19/system_wrapper_early.xdc]
INFO: [Timing 38-35] Done setting XDC timing constraints. [C:/Projekt/spaceinvaders_project/SpaceInvaders_microblaze_project/SpaceInvaders_microblaze_project.srcs/sources_1/bd/system/ip/system_clk_wiz_0_0/system_clk_wiz_0_0.xdc:57]
INFO: [Timing 38-2] Deriving generated clocks [C:/Projekt/spaceinvaders_project/SpaceInvaders_microblaze_project/SpaceInvaders_microblaze_project.srcs/sources_1/bd/system/ip/system_clk_wiz_0_0/system_clk_wiz_0_0.xdc:57]
get_clocks: Time (s): cpu = 00:00:09 ; elapsed = 00:00:09 . Memory (MB): peak = 1887.160 ; gain = 507.102
Finished Parsing XDC File [C:/Projekt/spaceinvaders_project/SpaceInvaders_microblaze_project/.Xil/Vivado-10380-DESKTOP-GG9V6KE/dcp19/system_wrapper_early.xdc]
Reading XDEF placement.
Reading placer database...
Reading XDEF routing.
Read XDEF File: Time (s): cpu = 00:00:01 ; elapsed = 00:00:00.326 . Memory (MB): peak = 1891.168 ; gain = 4.008
Restored from archive | CPU: 1.000000 secs | Memory: 0.000000 MB |
Finished XDEF File Restore: Time (s): cpu = 00:00:01 ; elapsed = 00:00:00.326 . Memory (MB): peak = 1891.168 ; gain = 4.008
Generating merged BMM file for the design top 'system_wrapper'...
INFO: [Memdata 28-144] Successfully populated the BRAM INIT strings from the following elf files: c:/Projekt/spaceinvaders_project/SpaceInvaders_microblaze_project/SpaceInvaders_microblaze_project.srcs/sources_1/bd/system/ip/system_microblaze_0_0/data/mb_bootloop_le.elf 
INFO: [Project 1-111] Unisim Transformation Summary:
  A total of 96 instances were transformed.
  LUT6_2 => LUT6_2 (LUT5, LUT6): 79 instances
  RAM32M => RAM32M (RAMD32, RAMD32, RAMD32, RAMD32, RAMD32, RAMD32, RAMS32, RAMS32): 16 instances
  SRLC16E => SRL16E: 1 instances

open_run: Time (s): cpu = 00:00:26 ; elapsed = 00:00:19 . Memory (MB): peak = 1987.480 ; gain = 812.777
open_hw
connect_hw_server -url localhost:3121
INFO: [Labtools 27-2285] Connecting to hw_server url TCP:localhost:3121
INFO: [Labtools 27-2222] Launching hw_server...
INFO: [Labtools 27-2221] Launch Output:

****** Xilinx hw_server v2017.3
  **** Build date : Oct  4 2017-20:12:17
    ** Copyright 1986-2017 Xilinx, Inc. All Rights Reserved.


current_hw_target [get_hw_targets */xilinx_tcf/Digilent/210183795557A]
set_property PARAM.FREQUENCY 15000000 [get_hw_targets */xilinx_tcf/Digilent/210183795557A]
open_hw_target
INFO: [Labtoolstcl 44-466] Opening hw_target localhost:3121/xilinx_tcf/Digilent/210183795557A
set_property PROGRAM.FILE {C:/Projekt/spaceinvaders_project/SpaceInvaders_microblaze_project/SpaceInvaders_microblaze_project.runs/impl_1/system_wrapper.bit} [get_hw_devices xc7a35t_0]
current_hw_device [get_hw_devices xc7a35t_0]
refresh_hw_device -update_hw_probes false [lindex [get_hw_devices xc7a35t_0] 0]
INFO: [Labtools 27-1435] Device xc7a35t (JTAG device index = 0) is not programmed (DONE status = 0).
INFO: [Vivado 12-4158] Exported Hardware file is out of date. Exported hardware information may be inconsistent with respect to the current state of the design. It is recommended that you re-export the design and launch SDK otherwise SDK is launched with out of date hardware system file.
launch_sdk -workspace C:/Projekt/spaceinvaders_project/SpaceInvaders_microblaze_project/SpaceInvaders_microblaze_project.sdk -hwspec C:/Projekt/spaceinvaders_project/SpaceInvaders_microblaze_project/SpaceInvaders_microblaze_project.sdk/system_wrapper.hdf
INFO: [Vivado 12-393] Launching SDK...
INFO: [Vivado 12-417] Running xsdk -workspace C:/Projekt/spaceinvaders_project/SpaceInvaders_microblaze_project/SpaceInvaders_microblaze_project.sdk -hwspec C:/Projekt/spaceinvaders_project/SpaceInvaders_microblaze_project/SpaceInvaders_microblaze_project.sdk/system_wrapper.hdf
INFO: [Vivado 12-3157] SDK launch initiated. Please check console for any further messages.
INFO: [Vivado 12-4158] Exported Hardware file is out of date. Exported hardware information may be inconsistent with respect to the current state of the design. It is recommended that you re-export the design and launch SDK otherwise SDK is launched with out of date hardware system file.
launch_sdk -workspace C:/Projekt/spaceinvaders_project/SpaceInvaders_microblaze_project/SpaceInvaders_microblaze_project.sdk -hwspec C:/Projekt/spaceinvaders_project/SpaceInvaders_microblaze_project/SpaceInvaders_microblaze_project.sdk/system_wrapper.hdf
INFO: [Vivado 12-393] Launching SDK...
INFO: [Vivado 12-417] Running xsdk -workspace C:/Projekt/spaceinvaders_project/SpaceInvaders_microblaze_project/SpaceInvaders_microblaze_project.sdk -hwspec C:/Projekt/spaceinvaders_project/SpaceInvaders_microblaze_project/SpaceInvaders_microblaze_project.sdk/system_wrapper.hdf
INFO: [Vivado 12-3157] SDK launch initiated. Please check console for any further messages.
ERROR: [Labtoolstcl 44-513] HW Target shutdown. Closing target: localhost:3121/xilinx_tcf/Digilent/210183795557A
INFO: [Labtoolstcl 44-466] Opening hw_target localhost:3121/xilinx_tcf/Digilent/210183795557A
INFO: [Labtools 27-1435] Device xc7a35t (JTAG device index = 0) is not programmed (DONE status = 0).
WARNING: [Labtoolstcl 44-129] No matching hw_ila_data was found.
ERROR: [Labtoolstcl 44-513] HW Target shutdown. Closing target: localhost:3121/xilinx_tcf/Digilent/210183795557A
INFO: [Labtoolstcl 44-466] Opening hw_target localhost:3121/xilinx_tcf/Digilent/210183795557A
INFO: [Labtools 27-1435] Device xc7a35t (JTAG device index = 0) is not programmed (DONE status = 0).
WARNING: [Labtoolstcl 44-129] No matching hw_ila_data was found.
close_hw
close_design
open_bd_design {C:/Projekt/spaceinvaders_project/SpaceInvaders_microblaze_project/SpaceInvaders_microblaze_project.srcs/sources_1/bd/system/system.bd}
open_bd_design {C:/Projekt/spaceinvaders_project/SpaceInvaders_microblaze_project/SpaceInvaders_microblaze_project.srcs/sources_1/bd/system/system.bd}
create_bd_cell -type ip -vlnv xilinx.com:ip:axis_interconnect:2.1 axis_interconnect_0
create_bd_cell -type ip -vlnv xilinx.com:ip:dp_rx_subsystem:2.1 dp_rx_subsystem_0
WARNING: [IP_Flow 19-2162] IP 'system_dp_rx_subsystem_0_0' is locked:
* IP 'system_dp_rx_subsystem_0_0' requires one or more mandatory licenses but no valid licenses were found. However license checkpoints may prevent use of this IP in some tool flows.
Please select 'Report IP Status' from the 'Tools/Report' menu or run Tcl command 'report_ip_status' for more information.
create_bd_cell -type ip -vlnv xilinx.com:ip:dp_tx_subsystem:2.1 dp_tx_subsystem_0
WARNING: [IP_Flow 19-2162] IP 'system_dp_tx_subsystem_0_0' is locked:
* IP 'system_dp_tx_subsystem_0_0' requires one or more mandatory licenses but no valid licenses were found. However license checkpoints may prevent use of this IP in some tool flows.
Please select 'Report IP Status' from the 'Tools/Report' menu or run Tcl command 'report_ip_status' for more information.
apply_bd_automation -rule xilinx.com:bd_rule:clkrst -config {Clk "/clk_wiz_0/clk_out1 (100 MHz)" }  [get_bd_pins axis_interconnect_0/ACLK]
set_property location {5 1096 559} [get_bd_cells dp_tx_subsystem_0]
set_property location {4 1174 650} [get_bd_cells dp_rx_subsystem_0]
delete_bd_objs [get_bd_cells axis_interconnect_0]
delete_bd_objs [get_bd_cells dp_tx_subsystem_0]
delete_bd_objs [get_bd_cells dp_rx_subsystem_0]
cd C:/Projekt/spaceinvaders_project/Basys-3-GPIO/proj
source ./create_project.tcl
# set proj_name "GPIO"
# if {[info exists ::create_path]} {
# 	set dest_dir $::create_path
# } else {
# 	set dest_dir [file normalize [file dirname [info script]]]
# }
# puts "INFO: Creating new project in $dest_dir"
INFO: Creating new project in C:/Projekt/spaceinvaders_project/Basys-3-GPIO/proj
# cd $dest_dir
# set part "xc7a35tcpg236-1"
# set brd_part "digilentinc.com:basys3:part0:1.1"
# set origin_dir ".."
# set orig_proj_dir "[file normalize "$origin_dir/proj"]"
# set src_dir $origin_dir/src
# set repo_dir $origin_dir/repo
# create_project $proj_name $dest_dir
INFO: [IP_Flow 19-234] Refreshing IP repositories
INFO: [IP_Flow 19-1704] No user IP repositories specified
INFO: [IP_Flow 19-2313] Loaded Vivado IP repository 'C:/Xilinx/Vivado/2017.3/data/ip'.
# set proj_dir [get_property directory [current_project]]
# set obj [get_projects $proj_name]
# set_property "default_lib" "xil_defaultlib" $obj
# set_property "part" $part $obj
# set_property "board_part" $brd_part $obj
# set_property "simulator_language" "Mixed" $obj
# set_property "target_language" "VHDL" $obj
# set_property "corecontainer.enable" "0" $obj
# set_property "ip_cache_permissions" "read write" $obj
# set_property "ip_output_repo" "[file normalize "$origin_dir/repo/cache"]" $obj
# if {[string equal [get_filesets -quiet sources_1] ""]} {
#   create_fileset -srcset sources_1
# }
# if {[string equal [get_filesets -quiet constrs_1] ""]} {
#   create_fileset -constrset constrs_1
# }
# set obj [get_filesets sources_1]
# set_property "ip_repo_paths" "[file normalize $repo_dir]" $obj
# update_ip_catalog -rebuild
INFO: [IP_Flow 19-234] Refreshing IP repositories
INFO: [IP_Flow 19-1700] Loaded user IP repository 'c:/Projekt/spaceinvaders_project/Basys-3-GPIO/repo'.
# add_files -quiet $src_dir/hdl
# add_files -quiet [glob -nocomplain ../src/ip/*/*.xci]
# add_files -fileset constrs_1 -quiet $src_dir/constraints
# if {[string equal [get_runs -quiet synth_1] ""]} {
#   create_run -name synth_1 -part $part -flow {Vivado Synthesis 2015} -strategy "Vivado Synthesis Defaults" -constrset constrs_1
# } else {
#   set_property strategy "Vivado Synthesis Defaults" [get_runs synth_1]
#   set_property flow "Vivado Synthesis 2015" [get_runs synth_1]
# }
# set obj [get_runs synth_1]
# set_property "part" $part $obj
# set_property "steps.synth_design.args.flatten_hierarchy" "none" $obj
# set_property "steps.synth_design.args.directive" "RuntimeOptimized" $obj
# set_property "steps.synth_design.args.fsm_extraction" "off" $obj
# current_run -synthesis [get_runs synth_1]
# if {[string equal [get_runs -quiet impl_1] ""]} {
#   create_run -name impl_1 -part $part -flow {Vivado Implementation 2015} -strategy "Vivado Implementation Defaults" -constrset constrs_1 -parent_run synth_1
# } else {
#   set_property strategy "Vivado Implementation Defaults" [get_runs impl_1]
#   set_property flow "Vivado Implementation 2015" [get_runs impl_1]
# }
# set obj [get_runs impl_1]
# set_property "part" $part $obj
# set_property "steps.opt_design.args.directive" "RuntimeOptimized" $obj
# set_property "steps.place_design.args.directive" "RuntimeOptimized" $obj
# set_property "steps.route_design.args.directive" "RuntimeOptimized" $obj
# current_run -implementation [get_runs impl_1]
# puts "INFO: Project created:$proj_name"
INFO: Project created:GPIO
# set bd_list [glob -nocomplain $src_dir/bd/*/*.bd]
# if {[llength $bd_list] != 0} {
#   add_files -norecurse -quiet -fileset sources_1 [glob -nocomplain $src_dir/bd/*/*.bd]
#   open_bd_design [glob -nocomplain $src_dir/bd/*/*.bd]
#   set design_name [get_bd_designs]
#   set file "$origin_dir/src/bd/$design_name/$design_name.bd"
#   set file [file normalize $file]
#   set file_obj [get_files -of_objects [get_filesets sources_1] [list "*$file"]]
#   if { ![get_property "is_locked" $file_obj] } {
#     set_property "synth_checkpoint_mode" "Hierarchical" $file_obj
#   }
#  
#   # Generate the wrapper 
#   set design_name [get_bd_designs]
#   add_files -norecurse [make_wrapper -files [get_files $design_name.bd] -top -force]
# 
#   set obj [get_filesets sources_1]
#   set_property "top" "${design_name}_wrapper" $obj
# }
# set sdk_dir $origin_dir/sdk
# set hw_list [glob -nocomplain $sdk_dir/*hw_platform*]
# if {[llength $hw_list] != 0} {
#   foreach hw_plat $hw_list {
# 	file delete -force $hw_plat
#   }
# }
# set sdk_list [glob -nocomplain $sdk_dir/*]
# set sdk_list [lsearch -inline -all -not -exact $sdk_list "../sdk/.keep"]
# if {[llength $sdk_list] != 0} {
# 	exec xsct -eval "setws -switch ../sdk; importproject ../sdk"
# }
update_compile_order -fileset sources_1
update_compile_order -fileset sources_1
launch_runs impl_1 -to_step write_bitstream -jobs 4
[Wed Jul 29 18:50:01 2020] Launched synth_1...
Run output will be captured here: C:/Projekt/spaceinvaders_project/Basys-3-GPIO/proj/GPIO.runs/synth_1/runme.log
[Wed Jul 29 18:50:01 2020] Launched impl_1...
Run output will be captured here: C:/Projekt/spaceinvaders_project/Basys-3-GPIO/proj/GPIO.runs/impl_1/runme.log
open_run impl_1
INFO: [Netlist 29-17] Analyzing 159 Unisim elements for replacement
INFO: [Netlist 29-28] Unisim Transformation completed in 0 CPU seconds
INFO: [Project 1-479] Netlist was created with Vivado 2017.3
INFO: [Project 1-570] Preparing netlist for logic optimization
Parsing XDC File [C:/Projekt/spaceinvaders_project/SpaceInvaders_microblaze_project/.Xil/Vivado-10380-DESKTOP-GG9V6KE/dcp21/GPIO_demo_early.xdc]
Finished Parsing XDC File [C:/Projekt/spaceinvaders_project/SpaceInvaders_microblaze_project/.Xil/Vivado-10380-DESKTOP-GG9V6KE/dcp21/GPIO_demo_early.xdc]
Parsing XDC File [C:/Projekt/spaceinvaders_project/SpaceInvaders_microblaze_project/.Xil/Vivado-10380-DESKTOP-GG9V6KE/dcp21/GPIO_demo.xdc]
Finished Parsing XDC File [C:/Projekt/spaceinvaders_project/SpaceInvaders_microblaze_project/.Xil/Vivado-10380-DESKTOP-GG9V6KE/dcp21/GPIO_demo.xdc]
Reading XDEF placement.
Reading placer database...
Reading XDEF routing.
Read XDEF File: Time (s): cpu = 00:00:00 ; elapsed = 00:00:00.300 . Memory (MB): peak = 2646.438 ; gain = 0.000
Restored from archive | CPU: 0.000000 secs | Memory: 0.000000 MB |
Finished XDEF File Restore: Time (s): cpu = 00:00:00 ; elapsed = 00:00:00.300 . Memory (MB): peak = 2646.438 ; gain = 0.000
INFO: [Project 1-111] Unisim Transformation Summary:
  A total of 2 instances were transformed.
  IOBUF => IOBUF (IBUF, OBUFT): 2 instances

open_hw
connect_hw_server -url localhost:3121
INFO: [Labtools 27-2285] Connecting to hw_server url TCP:localhost:3121
current_hw_target [get_hw_targets */xilinx_tcf/Digilent/210183795557A]
set_property PARAM.FREQUENCY 15000000 [get_hw_targets */xilinx_tcf/Digilent/210183795557A]
open_hw_target
INFO: [Labtoolstcl 44-466] Opening hw_target localhost:3121/xilinx_tcf/Digilent/210183795557A
set_property PROGRAM.FILE {C:/Projekt/spaceinvaders_project/Basys-3-GPIO/proj/GPIO.runs/impl_1/GPIO_demo.bit} [get_hw_devices xc7a35t_0]
current_hw_device [get_hw_devices xc7a35t_0]
refresh_hw_device -update_hw_probes false [lindex [get_hw_devices xc7a35t_0] 0]
INFO: [Labtools 27-1434] Device xc7a35t (JTAG device index = 0) is programmed with a design that has no supported debug core(s) in it.
WARNING: [Labtools 27-3361] The debug hub core was not detected.
Resolution: 
1. Make sure the clock connected to the debug hub (dbg_hub) core is a free running clock and is active.
2. Make sure the BSCAN_SWITCH_USER_MASK device property in Vivado Hardware Manager reflects the user scan chain setting in the design and refresh the device.  To determine the user scan chain setting in the design, open the implemented design and use 'get_property C_USER_SCAN_CHAIN [get_debug_cores dbg_hub]'.
For more details on setting the scan chain property, consult the Vivado Debug and Programming User Guide (UG908).
set_property PROBES.FILE {} [get_hw_devices xc7a35t_0]
set_property FULL_PROBES.FILE {} [get_hw_devices xc7a35t_0]
set_property PROGRAM.FILE {C:/Projekt/spaceinvaders_project/Basys-3-GPIO/proj/GPIO.runs/impl_1/GPIO_demo.bit} [get_hw_devices xc7a35t_0]
program_hw_devices [get_hw_devices xc7a35t_0]
INFO: [Labtools 27-3164] End of startup status: HIGH
refresh_hw_device [lindex [get_hw_devices xc7a35t_0] 0]
INFO: [Labtools 27-1434] Device xc7a35t (JTAG device index = 0) is programmed with a design that has no supported debug core(s) in it.
WARNING: [Labtools 27-3361] The debug hub core was not detected.
Resolution: 
1. Make sure the clock connected to the debug hub (dbg_hub) core is a free running clock and is active.
2. Make sure the BSCAN_SWITCH_USER_MASK device property in Vivado Hardware Manager reflects the user scan chain setting in the design and refresh the device.  To determine the user scan chain setting in the design, open the implemented design and use 'get_property C_USER_SCAN_CHAIN [get_debug_cores dbg_hub]'.
For more details on setting the scan chain property, consult the Vivado Debug and Programming User Guide (UG908).
close_project
****** Webtalk v2017.3 (64-bit)
  **** SW Build 2018833 on Wed Oct  4 19:58:22 MDT 2017
  **** IP Build 2016188 on Wed Oct  4 21:52:56 MDT 2017
    ** Copyright 1986-2017 Xilinx, Inc. All Rights Reserved.

source C:/Projekt/spaceinvaders_project/Basys-3-GPIO/proj/GPIO.hw/webtalk/labtool_webtalk.tcl -notrace
INFO: [Common 17-206] Exiting Webtalk at Wed Jul 29 18:53:29 2020...
add_files -fileset constrs_1 -norecurse C:/Projekt/spaceinvaders_project/Basys3_Master.xdc
import_files -fileset constrs_1 C:/Projekt/spaceinvaders_project/Basys3_Master.xdc
add_files -fileset constrs_1 -norecurse C:/Projekt/spaceinvaders_project/vga_example.xdc
import_files -fileset constrs_1 C:/Projekt/spaceinvaders_project/vga_example.xdc
save_bd_design
Wrote  : <C:/Projekt/spaceinvaders_project/SpaceInvaders_microblaze_project/SpaceInvaders_microblaze_project.srcs/sources_1/bd/system/system.bd> 
Wrote  : <C:/Projekt/spaceinvaders_project/SpaceInvaders_microblaze_project/SpaceInvaders_microblaze_project.srcs/sources_1/bd/system/ui/bd_c954508f.ui> 
reset_run synth_1
launch_runs synth_1 -jobs 4
Wrote  : <C:/Projekt/spaceinvaders_project/SpaceInvaders_microblaze_project/SpaceInvaders_microblaze_project.srcs/sources_1/bd/system/system.bd> 
VHDL Output written to : C:/Projekt/spaceinvaders_project/SpaceInvaders_microblaze_project/SpaceInvaders_microblaze_project.srcs/sources_1/bd/system/synth/system.v
VHDL Output written to : C:/Projekt/spaceinvaders_project/SpaceInvaders_microblaze_project/SpaceInvaders_microblaze_project.srcs/sources_1/bd/system/sim/system.v
VHDL Output written to : C:/Projekt/spaceinvaders_project/SpaceInvaders_microblaze_project/SpaceInvaders_microblaze_project.srcs/sources_1/bd/system/hdl/system_wrapper.v
INFO: [BD 41-1029] Generation completed for the IP Integrator block clk_wiz_0 .
INFO: [BD 41-1029] Generation completed for the IP Integrator block microblaze_0 .
INFO: [BD 41-1029] Generation completed for the IP Integrator block mdm_1 .
INFO: [BD 41-1029] Generation completed for the IP Integrator block rst_clk_wiz_0_100M .
INFO: [BD 41-1029] Generation completed for the IP Integrator block axi_uartlite_0 .
INFO: [BD 41-1029] Generation completed for the IP Integrator block microblaze_0_local_memory/dlmb_v10 .
INFO: [BD 41-1029] Generation completed for the IP Integrator block microblaze_0_local_memory/ilmb_v10 .
INFO: [BD 41-1029] Generation completed for the IP Integrator block microblaze_0_local_memory/dlmb_bram_if_cntlr .
INFO: [BD 41-1029] Generation completed for the IP Integrator block microblaze_0_local_memory/ilmb_bram_if_cntlr .
INFO: [BD 41-1029] Generation completed for the IP Integrator block microblaze_0_local_memory/lmb_bram .
INFO: [BD 41-1029] Generation completed for the IP Integrator block axi_gpio_0 .
INFO: [BD 41-1029] Generation completed for the IP Integrator block microblaze_0_axi_periph/xbar .
Exporting to file C:/Projekt/spaceinvaders_project/SpaceInvaders_microblaze_project/SpaceInvaders_microblaze_project.srcs/sources_1/bd/system/hw_handoff/system.hwh
Generated Block Design Tcl file C:/Projekt/spaceinvaders_project/SpaceInvaders_microblaze_project/SpaceInvaders_microblaze_project.srcs/sources_1/bd/system/hw_handoff/system_bd.tcl
Generated Hardware Definition File C:/Projekt/spaceinvaders_project/SpaceInvaders_microblaze_project/SpaceInvaders_microblaze_project.srcs/sources_1/bd/system/synth/system.hwdef
[Wed Jul 29 18:58:45 2020] Launched synth_1...
Run output will be captured here: C:/Projekt/spaceinvaders_project/SpaceInvaders_microblaze_project/SpaceInvaders_microblaze_project.runs/synth_1/runme.log
open_bd_design {C:/Projekt/spaceinvaders_project/SpaceInvaders_microblaze_project/SpaceInvaders_microblaze_project.srcs/sources_1/bd/system/system.bd}
reset_run synth_1
launch_runs synth_1 -jobs 4
[Wed Jul 29 19:02:24 2020] Launched synth_1...
Run output will be captured here: C:/Projekt/spaceinvaders_project/SpaceInvaders_microblaze_project/SpaceInvaders_microblaze_project.runs/synth_1/runme.log
launch_runs impl_1 -jobs 4
[Wed Jul 29 19:03:32 2020] Launched impl_1...
Run output will be captured here: C:/Projekt/spaceinvaders_project/SpaceInvaders_microblaze_project/SpaceInvaders_microblaze_project.runs/impl_1/runme.log
launch_runs impl_1 -to_step write_bitstream -jobs 4
[Wed Jul 29 19:05:22 2020] Launched impl_1...
Run output will be captured here: C:/Projekt/spaceinvaders_project/SpaceInvaders_microblaze_project/SpaceInvaders_microblaze_project.runs/impl_1/runme.log
open_run impl_1
INFO: [Netlist 29-17] Analyzing 294 Unisim elements for replacement
INFO: [Netlist 29-28] Unisim Transformation completed in 0 CPU seconds
INFO: [Project 1-479] Netlist was created with Vivado 2017.3
INFO: [Project 1-570] Preparing netlist for logic optimization
Parsing XDC File [C:/Projekt/spaceinvaders_project/SpaceInvaders_microblaze_project/.Xil/Vivado-10380-DESKTOP-GG9V6KE/dcp75/system_wrapper_board.xdc]
Finished Parsing XDC File [C:/Projekt/spaceinvaders_project/SpaceInvaders_microblaze_project/.Xil/Vivado-10380-DESKTOP-GG9V6KE/dcp75/system_wrapper_board.xdc]
Parsing XDC File [C:/Projekt/spaceinvaders_project/SpaceInvaders_microblaze_project/.Xil/Vivado-10380-DESKTOP-GG9V6KE/dcp75/system_wrapper_early.xdc]
INFO: [Timing 38-35] Done setting XDC timing constraints. [C:/Projekt/spaceinvaders_project/SpaceInvaders_microblaze_project/SpaceInvaders_microblaze_project.srcs/sources_1/bd/system/ip/system_clk_wiz_0_0/system_clk_wiz_0_0.xdc:57]
INFO: [Timing 38-2] Deriving generated clocks [C:/Projekt/spaceinvaders_project/SpaceInvaders_microblaze_project/SpaceInvaders_microblaze_project.srcs/sources_1/bd/system/ip/system_clk_wiz_0_0/system_clk_wiz_0_0.xdc:57]
Finished Parsing XDC File [C:/Projekt/spaceinvaders_project/SpaceInvaders_microblaze_project/.Xil/Vivado-10380-DESKTOP-GG9V6KE/dcp75/system_wrapper_early.xdc]
Parsing XDC File [C:/Projekt/spaceinvaders_project/SpaceInvaders_microblaze_project/.Xil/Vivado-10380-DESKTOP-GG9V6KE/dcp75/system_wrapper.xdc]
Finished Parsing XDC File [C:/Projekt/spaceinvaders_project/SpaceInvaders_microblaze_project/.Xil/Vivado-10380-DESKTOP-GG9V6KE/dcp75/system_wrapper.xdc]
Reading XDEF placement.
Reading placer database...
Reading XDEF routing.
Read XDEF File: Time (s): cpu = 00:00:00 ; elapsed = 00:00:00.435 . Memory (MB): peak = 2761.801 ; gain = 1.688
Restored from archive | CPU: 0.000000 secs | Memory: 0.000000 MB |
Finished XDEF File Restore: Time (s): cpu = 00:00:00 ; elapsed = 00:00:00.436 . Memory (MB): peak = 2761.801 ; gain = 1.688
Generating merged BMM file for the design top 'system_wrapper'...
INFO: [Memdata 28-144] Successfully populated the BRAM INIT strings from the following elf files: c:/Projekt/spaceinvaders_project/SpaceInvaders_microblaze_project/SpaceInvaders_microblaze_project.srcs/sources_1/bd/system/ip/system_microblaze_0_0/data/mb_bootloop_le.elf 
INFO: [Project 1-111] Unisim Transformation Summary:
  A total of 96 instances were transformed.
  LUT6_2 => LUT6_2 (LUT5, LUT6): 79 instances
  RAM32M => RAM32M (RAMD32, RAMD32, RAMD32, RAMD32, RAMD32, RAMD32, RAMS32, RAMS32): 16 instances
  SRLC16E => SRL16E: 1 instances

open_run: Time (s): cpu = 00:00:10 ; elapsed = 00:00:07 . Memory (MB): peak = 2819.125 ; gain = 172.688
open_hw
connect_hw_server -url localhost:3121
INFO: [Labtools 27-2285] Connecting to hw_server url TCP:localhost:3121
current_hw_target [get_hw_targets */xilinx_tcf/Digilent/210183795557A]
set_property PARAM.FREQUENCY 15000000 [get_hw_targets */xilinx_tcf/Digilent/210183795557A]
open_hw_target
INFO: [Labtoolstcl 44-466] Opening hw_target localhost:3121/xilinx_tcf/Digilent/210183795557A
set_property PROGRAM.FILE {C:/Projekt/spaceinvaders_project/SpaceInvaders_microblaze_project/SpaceInvaders_microblaze_project.runs/impl_1/system_wrapper.bit} [get_hw_devices xc7a35t_0]
current_hw_device [get_hw_devices xc7a35t_0]
refresh_hw_device -update_hw_probes false [lindex [get_hw_devices xc7a35t_0] 0]
INFO: [Labtools 27-1434] Device xc7a35t (JTAG device index = 0) is programmed with a design that has no supported debug core(s) in it.
WARNING: [Labtools 27-3361] The debug hub core was not detected.
Resolution: 
1. Make sure the clock connected to the debug hub (dbg_hub) core is a free running clock and is active.
2. Make sure the BSCAN_SWITCH_USER_MASK device property in Vivado Hardware Manager reflects the user scan chain setting in the design and refresh the device.  To determine the user scan chain setting in the design, open the implemented design and use 'get_property C_USER_SCAN_CHAIN [get_debug_cores dbg_hub]'.
For more details on setting the scan chain property, consult the Vivado Debug and Programming User Guide (UG908).
set_property PROBES.FILE {} [get_hw_devices xc7a35t_0]
set_property FULL_PROBES.FILE {} [get_hw_devices xc7a35t_0]
set_property PROGRAM.FILE {C:/Projekt/spaceinvaders_project/SpaceInvaders_microblaze_project/SpaceInvaders_microblaze_project.runs/impl_1/system_wrapper.bit} [get_hw_devices xc7a35t_0]
program_hw_devices [get_hw_devices xc7a35t_0]
INFO: [Labtools 27-3164] End of startup status: HIGH
refresh_hw_device [lindex [get_hw_devices xc7a35t_0] 0]
INFO: [Labtools 27-1434] Device xc7a35t (JTAG device index = 0) is programmed with a design that has no supported debug core(s) in it.
WARNING: [Labtools 27-3361] The debug hub core was not detected.
Resolution: 
1. Make sure the clock connected to the debug hub (dbg_hub) core is a free running clock and is active.
2. Make sure the BSCAN_SWITCH_USER_MASK device property in Vivado Hardware Manager reflects the user scan chain setting in the design and refresh the device.  To determine the user scan chain setting in the design, open the implemented design and use 'get_property C_USER_SCAN_CHAIN [get_debug_cores dbg_hub]'.
For more details on setting the scan chain property, consult the Vivado Debug and Programming User Guide (UG908).
close_hw
close_design
open_bd_design {C:/Projekt/spaceinvaders_project/SpaceInvaders_microblaze_project/SpaceInvaders_microblaze_project.srcs/sources_1/bd/system/system.bd}
open_bd_design {C:/Projekt/spaceinvaders_project/SpaceInvaders_microblaze_project/SpaceInvaders_microblaze_project.srcs/sources_1/bd/system/system.bd}
add_files -norecurse -scan_for_includes {C:/Projekt/spaceinvaders_project/MouseCtl.vhd C:/Projekt/spaceinvaders_project/MouseDisplay.vhd C:/Projekt/spaceinvaders_project/Ps2Interface.vhd}
import_files -norecurse {C:/Projekt/spaceinvaders_project/MouseCtl.vhd C:/Projekt/spaceinvaders_project/MouseDisplay.vhd C:/Projekt/spaceinvaders_project/Ps2Interface.vhd}
update_compile_order -fileset sources_1
open_bd_design {C:/Projekt/spaceinvaders_project/SpaceInvaders_microblaze_project/SpaceInvaders_microblaze_project.srcs/sources_1/bd/system/system.bd}
startgroup
create_bd_cell -type ip -vlnv xilinx.com:ip:dp_rx_subsystem:2.1 dp_rx_subsystem_0
WARNING: [IP_Flow 19-2162] IP 'system_dp_rx_subsystem_0_0' is locked:
* IP 'system_dp_rx_subsystem_0_0' requires one or more mandatory licenses but no valid licenses were found. However license checkpoints may prevent use of this IP in some tool flows.
Please select 'Report IP Status' from the 'Tools/Report' menu or run Tcl command 'report_ip_status' for more information.
endgroup
delete_bd_objs [get_bd_cells dp_rx_subsystem_0]
open_bd_design {C:/Projekt/spaceinvaders_project/SpaceInvaders_microblaze_project/SpaceInvaders_microblaze_project.srcs/sources_1/bd/system/system.bd}
create_bd_design "design_1"
Wrote  : <C:/Projekt/spaceinvaders_project/SpaceInvaders_microblaze_project/SpaceInvaders_microblaze_project.srcs/sources_1/bd/design_1/design_1.bd> 
generate_target all [get_files  C:/Projekt/spaceinvaders_project/SpaceInvaders_microblaze_project/SpaceInvaders_microblaze_project.srcs/sources_1/bd/design_1/design_1.bd]
Wrote  : <C:/Projekt/spaceinvaders_project/SpaceInvaders_microblaze_project/SpaceInvaders_microblaze_project.srcs/sources_1/bd/design_1/design_1.bd> 
VHDL Output written to : C:/Projekt/spaceinvaders_project/SpaceInvaders_microblaze_project/SpaceInvaders_microblaze_project.srcs/sources_1/bd/design_1/synth/design_1.v
VHDL Output written to : C:/Projekt/spaceinvaders_project/SpaceInvaders_microblaze_project/SpaceInvaders_microblaze_project.srcs/sources_1/bd/design_1/sim/design_1.v
VHDL Output written to : C:/Projekt/spaceinvaders_project/SpaceInvaders_microblaze_project/SpaceInvaders_microblaze_project.srcs/sources_1/bd/design_1/hdl/design_1_wrapper.v
Exporting to file C:/Projekt/spaceinvaders_project/SpaceInvaders_microblaze_project/SpaceInvaders_microblaze_project.srcs/sources_1/bd/design_1/hw_handoff/design_1.hwh
Generated Block Design Tcl file C:/Projekt/spaceinvaders_project/SpaceInvaders_microblaze_project/SpaceInvaders_microblaze_project.srcs/sources_1/bd/design_1/hw_handoff/design_1_bd.tcl
Generated Hardware Definition File C:/Projekt/spaceinvaders_project/SpaceInvaders_microblaze_project/SpaceInvaders_microblaze_project.srcs/sources_1/bd/design_1/synth/design_1.hwdef
export_ip_user_files -of_objects [get_files C:/Projekt/spaceinvaders_project/SpaceInvaders_microblaze_project/SpaceInvaders_microblaze_project.srcs/sources_1/bd/design_1/design_1.bd] -no_script -sync -force -quiet
create_ip_run [get_files -of_objects [get_fileset sources_1] C:/Projekt/spaceinvaders_project/SpaceInvaders_microblaze_project/SpaceInvaders_microblaze_project.srcs/sources_1/bd/design_1/design_1.bd]
export_simulation -of_objects [get_files C:/Projekt/spaceinvaders_project/SpaceInvaders_microblaze_project/SpaceInvaders_microblaze_project.srcs/sources_1/bd/design_1/design_1.bd] -directory C:/Projekt/spaceinvaders_project/SpaceInvaders_microblaze_project/SpaceInvaders_microblaze_project.ip_user_files/sim_scripts -ip_user_files_dir C:/Projekt/spaceinvaders_project/SpaceInvaders_microblaze_project/SpaceInvaders_microblaze_project.ip_user_files -ipstatic_source_dir C:/Projekt/spaceinvaders_project/SpaceInvaders_microblaze_project/SpaceInvaders_microblaze_project.ip_user_files/ipstatic -lib_map_path [list {modelsim=C:/Projekt/spaceinvaders_project/SpaceInvaders_microblaze_project/SpaceInvaders_microblaze_project.cache/compile_simlib/modelsim} {questa=C:/Projekt/spaceinvaders_project/SpaceInvaders_microblaze_project/SpaceInvaders_microblaze_project.cache/compile_simlib/questa} {riviera=C:/Projekt/spaceinvaders_project/SpaceInvaders_microblaze_project/SpaceInvaders_microblaze_project.cache/compile_simlib/riviera} {activehdl=C:/Projekt/spaceinvaders_project/SpaceInvaders_microblaze_project/SpaceInvaders_microblaze_project.cache/compile_simlib/activehdl}] -use_ip_compiled_libs -force -quiet
update_compile_order -fileset sources_1
current_bd_design [get_bd_designs system]
current_bd_design [get_bd_designs design_1]
export_ip_user_files -of_objects  [get_files C:/Projekt/spaceinvaders_project/SpaceInvaders_microblaze_project/SpaceInvaders_microblaze_project.srcs/sources_1/imports/spaceinvaders_project/MouseCtl.vhd] -no_script -reset -force -quiet
remove_files  C:/Projekt/spaceinvaders_project/SpaceInvaders_microblaze_project/SpaceInvaders_microblaze_project.srcs/sources_1/imports/spaceinvaders_project/MouseCtl.vhd
export_ip_user_files -of_objects  [get_files C:/Projekt/spaceinvaders_project/SpaceInvaders_microblaze_project/SpaceInvaders_microblaze_project.srcs/sources_1/imports/spaceinvaders_project/Ps2Interface.vhd] -no_script -reset -force -quiet
remove_files  C:/Projekt/spaceinvaders_project/SpaceInvaders_microblaze_project/SpaceInvaders_microblaze_project.srcs/sources_1/imports/spaceinvaders_project/Ps2Interface.vhd
export_ip_user_files -of_objects  [get_files C:/Projekt/spaceinvaders_project/SpaceInvaders_microblaze_project/SpaceInvaders_microblaze_project.srcs/sources_1/bd/design_1/design_1.bd] -no_script -reset -force -quiet
remove_files  C:/Projekt/spaceinvaders_project/SpaceInvaders_microblaze_project/SpaceInvaders_microblaze_project.srcs/sources_1/bd/design_1/design_1.bd
remove_files: Time (s): cpu = 00:00:06 ; elapsed = 00:00:06 . Memory (MB): peak = 2819.125 ; gain = 0.000
export_ip_user_files -of_objects  [get_files C:/Projekt/spaceinvaders_project/SpaceInvaders_microblaze_project/SpaceInvaders_microblaze_project.srcs/sources_1/imports/spaceinvaders_project/MouseDisplay.vhd] -no_script -reset -force -quiet
remove_files  C:/Projekt/spaceinvaders_project/SpaceInvaders_microblaze_project/SpaceInvaders_microblaze_project.srcs/sources_1/imports/spaceinvaders_project/MouseDisplay.vhd
open_bd_design {C:/Projekt/spaceinvaders_project/SpaceInvaders_microblaze_project/SpaceInvaders_microblaze_project.srcs/sources_1/bd/system/system.bd}
open_bd_design {C:/Projekt/spaceinvaders_project/SpaceInvaders_microblaze_project/SpaceInvaders_microblaze_project.srcs/sources_1/bd/system/system.bd}
open_bd_design {C:/Projekt/spaceinvaders_project/SpaceInvaders_microblaze_project/SpaceInvaders_microblaze_project.srcs/sources_1/bd/system/system.bd}
save_bd_design
Wrote  : <C:/Projekt/spaceinvaders_project/SpaceInvaders_microblaze_project/SpaceInvaders_microblaze_project.srcs/sources_1/bd/system/system.bd> 
Wrote  : <C:/Projekt/spaceinvaders_project/SpaceInvaders_microblaze_project/SpaceInvaders_microblaze_project.srcs/sources_1/bd/system/ui/bd_c954508f.ui> 
reset_run synth_1
launch_runs synth_1 -jobs 4
Wrote  : <C:/Projekt/spaceinvaders_project/SpaceInvaders_microblaze_project/SpaceInvaders_microblaze_project.srcs/sources_1/bd/system/system.bd> 
VHDL Output written to : C:/Projekt/spaceinvaders_project/SpaceInvaders_microblaze_project/SpaceInvaders_microblaze_project.srcs/sources_1/bd/system/synth/system.v
VHDL Output written to : C:/Projekt/spaceinvaders_project/SpaceInvaders_microblaze_project/SpaceInvaders_microblaze_project.srcs/sources_1/bd/system/sim/system.v
VHDL Output written to : C:/Projekt/spaceinvaders_project/SpaceInvaders_microblaze_project/SpaceInvaders_microblaze_project.srcs/sources_1/bd/system/hdl/system_wrapper.v
INFO: [BD 41-1029] Generation completed for the IP Integrator block clk_wiz_0 .
INFO: [BD 41-1029] Generation completed for the IP Integrator block microblaze_0 .
INFO: [BD 41-1029] Generation completed for the IP Integrator block mdm_1 .
INFO: [BD 41-1029] Generation completed for the IP Integrator block rst_clk_wiz_0_100M .
INFO: [BD 41-1029] Generation completed for the IP Integrator block axi_uartlite_0 .
INFO: [BD 41-1029] Generation completed for the IP Integrator block microblaze_0_local_memory/dlmb_v10 .
INFO: [BD 41-1029] Generation completed for the IP Integrator block microblaze_0_local_memory/ilmb_v10 .
INFO: [BD 41-1029] Generation completed for the IP Integrator block microblaze_0_local_memory/dlmb_bram_if_cntlr .
INFO: [BD 41-1029] Generation completed for the IP Integrator block microblaze_0_local_memory/ilmb_bram_if_cntlr .
INFO: [BD 41-1029] Generation completed for the IP Integrator block microblaze_0_local_memory/lmb_bram .
INFO: [BD 41-1029] Generation completed for the IP Integrator block axi_gpio_0 .
INFO: [BD 41-1029] Generation completed for the IP Integrator block microblaze_0_axi_periph/xbar .
Exporting to file C:/Projekt/spaceinvaders_project/SpaceInvaders_microblaze_project/SpaceInvaders_microblaze_project.srcs/sources_1/bd/system/hw_handoff/system.hwh
Generated Block Design Tcl file C:/Projekt/spaceinvaders_project/SpaceInvaders_microblaze_project/SpaceInvaders_microblaze_project.srcs/sources_1/bd/system/hw_handoff/system_bd.tcl
Generated Hardware Definition File C:/Projekt/spaceinvaders_project/SpaceInvaders_microblaze_project/SpaceInvaders_microblaze_project.srcs/sources_1/bd/system/synth/system.hwdef
WARNING: [filemgmt 20-644] Circular Reference Found: '/microblaze_v10_0_4/Parity_Recursive_LUT6/IMP' [c:/Projekt/spaceinvaders_project/SpaceInvaders_microblaze_project/SpaceInvaders_microblaze_project.srcs/sources_1/bd/system/ipshared/5eb2/hdl/microblaze_v10_0_vh_rfs.vhd:0] -->> '/microblaze_v10_0_4/Parity_Recursive_LUT6/IMP' [c:/Projekt/spaceinvaders_project/SpaceInvaders_microblaze_project/SpaceInvaders_microblaze_project.srcs/sources_1/bd/system/ipshared/5eb2/hdl/microblaze_v10_0_vh_rfs.vhd:6056]
WARNING: [filemgmt 20-644] Circular Reference Found: '/microblaze_v10_0_4/RAM_Module/IMP' [c:/Projekt/spaceinvaders_project/SpaceInvaders_microblaze_project/SpaceInvaders_microblaze_project.srcs/sources_1/bd/system/ipshared/5eb2/hdl/microblaze_v10_0_vh_rfs.vhd:0] -->> '/microblaze_v10_0_4/RAM_Module/IMP' [c:/Projekt/spaceinvaders_project/SpaceInvaders_microblaze_project/SpaceInvaders_microblaze_project.srcs/sources_1/bd/system/ipshared/5eb2/hdl/microblaze_v10_0_vh_rfs.vhd:95547]
WARNING: [filemgmt 20-644] Circular Reference Found: '/microblaze_v10_0_4/mb_sync_bit/IMP' [c:/Projekt/spaceinvaders_project/SpaceInvaders_microblaze_project/SpaceInvaders_microblaze_project.srcs/sources_1/bd/system/ipshared/5eb2/hdl/microblaze_v10_0_vh_rfs.vhd:0] -->> '/microblaze_v10_0_4/mb_sync_bit/IMP' [c:/Projekt/spaceinvaders_project/SpaceInvaders_microblaze_project/SpaceInvaders_microblaze_project.srcs/sources_1/bd/system/ipshared/5eb2/hdl/microblaze_v10_0_vh_rfs.vhd:4772]
WARNING: [filemgmt 20-644] Circular Reference Found: '/microblaze_v10_0_4/Parity_Recursive_LUT6/IMP' [c:/Projekt/spaceinvaders_project/SpaceInvaders_microblaze_project/SpaceInvaders_microblaze_project.srcs/sources_1/bd/system/ipshared/5eb2/hdl/microblaze_v10_0_vh_rfs.vhd:0] -->> '/microblaze_v10_0_4/Parity_Recursive_LUT6/IMP' [c:/Projekt/spaceinvaders_project/SpaceInvaders_microblaze_project/SpaceInvaders_microblaze_project.srcs/sources_1/bd/system/ipshared/5eb2/hdl/microblaze_v10_0_vh_rfs.vhd:6056]
WARNING: [filemgmt 20-644] Circular Reference Found: '/microblaze_v10_0_4/RAM_Module/IMP' [c:/Projekt/spaceinvaders_project/SpaceInvaders_microblaze_project/SpaceInvaders_microblaze_project.srcs/sources_1/bd/system/ipshared/5eb2/hdl/microblaze_v10_0_vh_rfs.vhd:0] -->> '/microblaze_v10_0_4/RAM_Module/IMP' [c:/Projekt/spaceinvaders_project/SpaceInvaders_microblaze_project/SpaceInvaders_microblaze_project.srcs/sources_1/bd/system/ipshared/5eb2/hdl/microblaze_v10_0_vh_rfs.vhd:95547]
WARNING: [filemgmt 20-644] Circular Reference Found: '/microblaze_v10_0_4/Parity_Recursive_LUT6/IMP' [c:/Projekt/spaceinvaders_project/SpaceInvaders_microblaze_project/SpaceInvaders_microblaze_project.srcs/sources_1/bd/system/ipshared/5eb2/hdl/microblaze_v10_0_vh_rfs.vhd:0] -->> '/microblaze_v10_0_4/Parity_Recursive_LUT6/IMP' [c:/Projekt/spaceinvaders_project/SpaceInvaders_microblaze_project/SpaceInvaders_microblaze_project.srcs/sources_1/bd/system/ipshared/5eb2/hdl/microblaze_v10_0_vh_rfs.vhd:6056]
WARNING: [filemgmt 20-644] Circular Reference Found: '/microblaze_v10_0_4/RAM_Module/IMP' [c:/Projekt/spaceinvaders_project/SpaceInvaders_microblaze_project/SpaceInvaders_microblaze_project.srcs/sources_1/bd/system/ipshared/5eb2/hdl/microblaze_v10_0_vh_rfs.vhd:0] -->> '/microblaze_v10_0_4/RAM_Module/IMP' [c:/Projekt/spaceinvaders_project/SpaceInvaders_microblaze_project/SpaceInvaders_microblaze_project.srcs/sources_1/bd/system/ipshared/5eb2/hdl/microblaze_v10_0_vh_rfs.vhd:95547]
WARNING: [filemgmt 20-644] Circular Reference Found: '/microblaze_v10_0_4/Parity_Recursive_LUT6/IMP' [c:/Projekt/spaceinvaders_project/SpaceInvaders_microblaze_project/SpaceInvaders_microblaze_project.srcs/sources_1/bd/system/ipshared/5eb2/hdl/microblaze_v10_0_vh_rfs.vhd:0] -->> '/microblaze_v10_0_4/Parity_Recursive_LUT6/IMP' [c:/Projekt/spaceinvaders_project/SpaceInvaders_microblaze_project/SpaceInvaders_microblaze_project.srcs/sources_1/bd/system/ipshared/5eb2/hdl/microblaze_v10_0_vh_rfs.vhd:6056]
WARNING: [filemgmt 20-644] Circular Reference Found: '/microblaze_v10_0_4/Parity_Recursive_LUT6/IMP' [c:/Projekt/spaceinvaders_project/SpaceInvaders_microblaze_project/SpaceInvaders_microblaze_project.srcs/sources_1/bd/system/ipshared/5eb2/hdl/microblaze_v10_0_vh_rfs.vhd:0] -->> '/microblaze_v10_0_4/Parity_Recursive_LUT6/IMP' [c:/Projekt/spaceinvaders_project/SpaceInvaders_microblaze_project/SpaceInvaders_microblaze_project.srcs/sources_1/bd/system/ipshared/5eb2/hdl/microblaze_v10_0_vh_rfs.vhd:6056]
WARNING: [filemgmt 20-644] Circular Reference Found: '/microblaze_v10_0_4/RAM_Module/IMP' [c:/Projekt/spaceinvaders_project/SpaceInvaders_microblaze_project/SpaceInvaders_microblaze_project.srcs/sources_1/bd/system/ipshared/5eb2/hdl/microblaze_v10_0_vh_rfs.vhd:0] -->> '/microblaze_v10_0_4/RAM_Module/IMP' [c:/Projekt/spaceinvaders_project/SpaceInvaders_microblaze_project/SpaceInvaders_microblaze_project.srcs/sources_1/bd/system/ipshared/5eb2/hdl/microblaze_v10_0_vh_rfs.vhd:95547]
WARNING: [filemgmt 20-644] Circular Reference Found: '/microblaze_v10_0_4/mb_sync_bit/IMP' [c:/Projekt/spaceinvaders_project/SpaceInvaders_microblaze_project/SpaceInvaders_microblaze_project.srcs/sources_1/bd/system/ipshared/5eb2/hdl/microblaze_v10_0_vh_rfs.vhd:0] -->> '/microblaze_v10_0_4/mb_sync_bit/IMP' [c:/Projekt/spaceinvaders_project/SpaceInvaders_microblaze_project/SpaceInvaders_microblaze_project.srcs/sources_1/bd/system/ipshared/5eb2/hdl/microblaze_v10_0_vh_rfs.vhd:4772]
WARNING: [filemgmt 20-644] Circular Reference Found: '/microblaze_v10_0_4/Parity_Recursive_LUT6/IMP' [c:/Projekt/spaceinvaders_project/SpaceInvaders_microblaze_project/SpaceInvaders_microblaze_project.srcs/sources_1/bd/system/ipshared/5eb2/hdl/microblaze_v10_0_vh_rfs.vhd:0] -->> '/microblaze_v10_0_4/Parity_Recursive_LUT6/IMP' [c:/Projekt/spaceinvaders_project/SpaceInvaders_microblaze_project/SpaceInvaders_microblaze_project.srcs/sources_1/bd/system/ipshared/5eb2/hdl/microblaze_v10_0_vh_rfs.vhd:6056]
WARNING: [filemgmt 20-644] Circular Reference Found: '/microblaze_v10_0_4/RAM_Module/IMP' [c:/Projekt/spaceinvaders_project/SpaceInvaders_microblaze_project/SpaceInvaders_microblaze_project.srcs/sources_1/bd/system/ipshared/5eb2/hdl/microblaze_v10_0_vh_rfs.vhd:0] -->> '/microblaze_v10_0_4/RAM_Module/IMP' [c:/Projekt/spaceinvaders_project/SpaceInvaders_microblaze_project/SpaceInvaders_microblaze_project.srcs/sources_1/bd/system/ipshared/5eb2/hdl/microblaze_v10_0_vh_rfs.vhd:95547]
WARNING: [filemgmt 20-644] Circular Reference Found: '/microblaze_v10_0_4/Parity_Recursive_LUT6/IMP' [c:/Projekt/spaceinvaders_project/SpaceInvaders_microblaze_project/SpaceInvaders_microblaze_project.srcs/sources_1/bd/system/ipshared/5eb2/hdl/microblaze_v10_0_vh_rfs.vhd:0] -->> '/microblaze_v10_0_4/Parity_Recursive_LUT6/IMP' [c:/Projekt/spaceinvaders_project/SpaceInvaders_microblaze_project/SpaceInvaders_microblaze_project.srcs/sources_1/bd/system/ipshared/5eb2/hdl/microblaze_v10_0_vh_rfs.vhd:6056]
WARNING: [filemgmt 20-644] Circular Reference Found: '/microblaze_v10_0_4/RAM_Module/IMP' [c:/Projekt/spaceinvaders_project/SpaceInvaders_microblaze_project/SpaceInvaders_microblaze_project.srcs/sources_1/bd/system/ipshared/5eb2/hdl/microblaze_v10_0_vh_rfs.vhd:0] -->> '/microblaze_v10_0_4/RAM_Module/IMP' [c:/Projekt/spaceinvaders_project/SpaceInvaders_microblaze_project/SpaceInvaders_microblaze_project.srcs/sources_1/bd/system/ipshared/5eb2/hdl/microblaze_v10_0_vh_rfs.vhd:95547]
WARNING: [filemgmt 20-644] Circular Reference Found: '/microblaze_v10_0_4/Parity_Recursive_LUT6/IMP' [c:/Projekt/spaceinvaders_project/SpaceInvaders_microblaze_project/SpaceInvaders_microblaze_project.srcs/sources_1/bd/system/ipshared/5eb2/hdl/microblaze_v10_0_vh_rfs.vhd:0] -->> '/microblaze_v10_0_4/Parity_Recursive_LUT6/IMP' [c:/Projekt/spaceinvaders_project/SpaceInvaders_microblaze_project/SpaceInvaders_microblaze_project.srcs/sources_1/bd/system/ipshared/5eb2/hdl/microblaze_v10_0_vh_rfs.vhd:6056]
[Thu Jul 30 12:46:58 2020] Launched synth_1...
Run output will be captured here: C:/Projekt/spaceinvaders_project/SpaceInvaders_microblaze_project/SpaceInvaders_microblaze_project.runs/synth_1/runme.log
launch_runs: Time (s): cpu = 00:00:07 ; elapsed = 00:00:51 . Memory (MB): peak = 2819.125 ; gain = 0.000
open_bd_design {C:/Projekt/spaceinvaders_project/SpaceInvaders_microblaze_project/SpaceInvaders_microblaze_project.srcs/sources_1/bd/system/system.bd}
launch_runs impl_1 -jobs 4
[Thu Jul 30 12:48:02 2020] Launched impl_1...
Run output will be captured here: C:/Projekt/spaceinvaders_project/SpaceInvaders_microblaze_project/SpaceInvaders_microblaze_project.runs/impl_1/runme.log
launch_runs impl_1 -to_step write_bitstream -jobs 4
[Thu Jul 30 12:50:25 2020] Launched impl_1...
Run output will be captured here: C:/Projekt/spaceinvaders_project/SpaceInvaders_microblaze_project/SpaceInvaders_microblaze_project.runs/impl_1/runme.log
exit
INFO: [Common 17-206] Exiting Vivado at Thu Jul 30 12:59:08 2020...
