
*** Running vivado
    with args -log system_microblaze_0_0.vds -m64 -product Vivado -mode batch -messageDb vivado.pb -notrace -source system_microblaze_0_0.tcl


****** Vivado v2017.3 (64-bit)
  **** SW Build 2018833 on Wed Oct  4 19:58:22 MDT 2017
  **** IP Build 2016188 on Wed Oct  4 21:52:56 MDT 2017
    ** Copyright 1986-2017 Xilinx, Inc. All Rights Reserved.

source system_microblaze_0_0.tcl -notrace
Starting RTL Elaboration : Time (s): cpu = 00:00:12 ; elapsed = 00:00:12 . Memory (MB): peak = 367.289 ; gain = 97.133
INFO: [Synth 8-638] synthesizing module 'system_microblaze_0_0' [c:/Projekt/spaceinvaders_project/SpaceInvaders_microblaze_project/SpaceInvaders_microblaze_project.srcs/sources_1/bd/system/ip/system_microblaze_0_0/synth/system_microblaze_0_0.vhd:116]
INFO: [Synth 8-256] done synthesizing module 'system_microblaze_0_0' (52#1) [c:/Projekt/spaceinvaders_project/SpaceInvaders_microblaze_project/SpaceInvaders_microblaze_project.srcs/sources_1/bd/system/ip/system_microblaze_0_0/synth/system_microblaze_0_0.vhd:116]
Finished RTL Elaboration : Time (s): cpu = 00:00:24 ; elapsed = 00:00:25 . Memory (MB): peak = 664.750 ; gain = 394.594
Finished RTL Optimization Phase 1 : Time (s): cpu = 00:00:25 ; elapsed = 00:00:26 . Memory (MB): peak = 664.750 ; gain = 394.594
INFO: [Device 21-403] Loading part xc7a35tcpg236-1
Constraint Validation Runtime : Time (s): cpu = 00:00:00 ; elapsed = 00:00:00.075 . Memory (MB): peak = 916.797 ; gain = 0.000
Finished Constraint Validation : Time (s): cpu = 00:00:52 ; elapsed = 00:00:55 . Memory (MB): peak = 916.797 ; gain = 646.641
Finished Loading Part and Timing Information : Time (s): cpu = 00:00:52 ; elapsed = 00:00:55 . Memory (MB): peak = 916.797 ; gain = 646.641
Finished applying 'set_property' XDC Constraints : Time (s): cpu = 00:00:52 ; elapsed = 00:00:55 . Memory (MB): peak = 916.797 ; gain = 646.641
Finished RTL Optimization Phase 2 : Time (s): cpu = 00:00:57 ; elapsed = 00:01:00 . Memory (MB): peak = 916.797 ; gain = 646.641
Finished Cross Boundary and Area Optimization : Time (s): cpu = 00:01:10 ; elapsed = 00:01:14 . Memory (MB): peak = 916.797 ; gain = 646.641
Finished Applying XDC Timing Constraints : Time (s): cpu = 00:01:24 ; elapsed = 00:01:29 . Memory (MB): peak = 916.797 ; gain = 646.641
Finished Timing Optimization : Time (s): cpu = 00:01:40 ; elapsed = 00:01:46 . Memory (MB): peak = 916.797 ; gain = 646.641
Finished Technology Mapping : Time (s): cpu = 00:01:43 ; elapsed = 00:01:49 . Memory (MB): peak = 916.797 ; gain = 646.641
Finished IO Insertion : Time (s): cpu = 00:01:44 ; elapsed = 00:01:50 . Memory (MB): peak = 916.797 ; gain = 646.641
Finished Renaming Generated Instances : Time (s): cpu = 00:01:44 ; elapsed = 00:01:50 . Memory (MB): peak = 916.797 ; gain = 646.641
Finished Rebuilding User Hierarchy : Time (s): cpu = 00:01:45 ; elapsed = 00:01:51 . Memory (MB): peak = 916.797 ; gain = 646.641
Finished Renaming Generated Ports : Time (s): cpu = 00:01:45 ; elapsed = 00:01:51 . Memory (MB): peak = 916.797 ; gain = 646.641
Finished Handling Custom Attributes : Time (s): cpu = 00:01:45 ; elapsed = 00:01:51 . Memory (MB): peak = 916.797 ; gain = 646.641
Finished Renaming Generated Nets : Time (s): cpu = 00:01:45 ; elapsed = 00:01:51 . Memory (MB): peak = 916.797 ; gain = 646.641

Report Cell Usage: 
+------+---------+------+
|      |Cell     |Count |
+------+---------+------+
|1     |AND2B1L  |     1|
|2     |LUT1     |    17|
|3     |LUT2     |    96|
|4     |LUT3     |   323|
|5     |LUT4     |   119|
|6     |LUT5     |   240|
|7     |LUT6     |   334|
|8     |LUT6_2   |    80|
|9     |MULT_AND |     1|
|10    |MUXCY_L  |   136|
|11    |MUXF7    |   109|
|12    |RAM32M   |    16|
|13    |SRL16E   |    89|
|14    |SRLC16E  |     8|
|15    |XORCY    |    94|
|16    |FDCE     |   143|
|17    |FDE      |    32|
|18    |FDR      |    87|
|19    |FDRE     |  1209|
|20    |FDS      |     1|
|21    |FDSE     |    36|
+------+---------+------+
Finished Writing Synthesis Report : Time (s): cpu = 00:01:45 ; elapsed = 00:01:51 . Memory (MB): peak = 916.797 ; gain = 646.641
synth_design: Time (s): cpu = 00:01:49 ; elapsed = 00:01:56 . Memory (MB): peak = 916.797 ; gain = 654.727
