
*** Running vivado
    with args -log system_xbar_0.vds -m64 -product Vivado -mode batch -messageDb vivado.pb -notrace -source system_xbar_0.tcl


****** Vivado v2017.3 (64-bit)
  **** SW Build 2018833 on Wed Oct  4 19:58:22 MDT 2017
  **** IP Build 2016188 on Wed Oct  4 21:52:56 MDT 2017
    ** Copyright 1986-2017 Xilinx, Inc. All Rights Reserved.

source system_xbar_0.tcl -notrace
Starting RTL Elaboration : Time (s): cpu = 00:00:09 ; elapsed = 00:00:10 . Memory (MB): peak = 376.914 ; gain = 99.883
INFO: [Synth 8-638] synthesizing module 'system_xbar_0' [c:/Projekt/spaceinvaders_project/SpaceInvaders_microblaze_project/SpaceInvaders_microblaze_project.srcs/sources_1/bd/system/ip/system_xbar_0/synth/system_xbar_0.v:59]
INFO: [Synth 8-638] synthesizing module 'axi_crossbar_v2_1_15_axi_crossbar' [c:/Projekt/spaceinvaders_project/SpaceInvaders_microblaze_project/SpaceInvaders_microblaze_project.srcs/sources_1/bd/system/ipshared/a1b8/hdl/axi_crossbar_v2_1_vl_rfs.v:4882]
INFO: [Synth 8-638] synthesizing module 'axi_crossbar_v2_1_15_crossbar_sasd' [c:/Projekt/spaceinvaders_project/SpaceInvaders_microblaze_project/SpaceInvaders_microblaze_project.srcs/sources_1/bd/system/ipshared/a1b8/hdl/axi_crossbar_v2_1_vl_rfs.v:1240]
INFO: [Synth 8-638] synthesizing module 'axi_crossbar_v2_1_15_addr_decoder' [c:/Projekt/spaceinvaders_project/SpaceInvaders_microblaze_project/SpaceInvaders_microblaze_project.srcs/sources_1/bd/system/ipshared/a1b8/hdl/axi_crossbar_v2_1_vl_rfs.v:794]
INFO: [Synth 8-638] synthesizing module 'generic_baseblocks_v2_1_0_comparator_static' [c:/Projekt/spaceinvaders_project/SpaceInvaders_microblaze_project/SpaceInvaders_microblaze_project.srcs/sources_1/bd/system/ipshared/b752/hdl/generic_baseblocks_v2_1_vl_rfs.v:2133]
INFO: [Synth 8-638] synthesizing module 'generic_baseblocks_v2_1_0_carry_and' [c:/Projekt/spaceinvaders_project/SpaceInvaders_microblaze_project/SpaceInvaders_microblaze_project.srcs/sources_1/bd/system/ipshared/b752/hdl/generic_baseblocks_v2_1_vl_rfs.v:62]
INFO: [Synth 8-256] done synthesizing module 'generic_baseblocks_v2_1_0_carry_and' (1#1) [c:/Projekt/spaceinvaders_project/SpaceInvaders_microblaze_project/SpaceInvaders_microblaze_project.srcs/sources_1/bd/system/ipshared/b752/hdl/generic_baseblocks_v2_1_vl_rfs.v:62]
INFO: [Synth 8-256] done synthesizing module 'generic_baseblocks_v2_1_0_comparator_static' (2#1) [c:/Projekt/spaceinvaders_project/SpaceInvaders_microblaze_project/SpaceInvaders_microblaze_project.srcs/sources_1/bd/system/ipshared/b752/hdl/generic_baseblocks_v2_1_vl_rfs.v:2133]
INFO: [Synth 8-638] synthesizing module 'generic_baseblocks_v2_1_0_comparator_static__parameterized0' [c:/Projekt/spaceinvaders_project/SpaceInvaders_microblaze_project/SpaceInvaders_microblaze_project.srcs/sources_1/bd/system/ipshared/b752/hdl/generic_baseblocks_v2_1_vl_rfs.v:2133]
INFO: [Synth 8-256] done synthesizing module 'generic_baseblocks_v2_1_0_comparator_static__parameterized0' (2#1) [c:/Projekt/spaceinvaders_project/SpaceInvaders_microblaze_project/SpaceInvaders_microblaze_project.srcs/sources_1/bd/system/ipshared/b752/hdl/generic_baseblocks_v2_1_vl_rfs.v:2133]
INFO: [Synth 8-256] done synthesizing module 'axi_crossbar_v2_1_15_addr_decoder' (3#1) [c:/Projekt/spaceinvaders_project/SpaceInvaders_microblaze_project/SpaceInvaders_microblaze_project.srcs/sources_1/bd/system/ipshared/a1b8/hdl/axi_crossbar_v2_1_vl_rfs.v:794]
INFO: [Synth 8-638] synthesizing module 'axi_crossbar_v2_1_15_decerr_slave' [c:/Projekt/spaceinvaders_project/SpaceInvaders_microblaze_project/SpaceInvaders_microblaze_project.srcs/sources_1/bd/system/ipshared/a1b8/hdl/axi_crossbar_v2_1_vl_rfs.v:3500]
INFO: [Synth 8-256] done synthesizing module 'axi_crossbar_v2_1_15_decerr_slave' (4#1) [c:/Projekt/spaceinvaders_project/SpaceInvaders_microblaze_project/SpaceInvaders_microblaze_project.srcs/sources_1/bd/system/ipshared/a1b8/hdl/axi_crossbar_v2_1_vl_rfs.v:3500]
INFO: [Synth 8-638] synthesizing module 'axi_crossbar_v2_1_15_addr_arbiter_sasd' [c:/Projekt/spaceinvaders_project/SpaceInvaders_microblaze_project/SpaceInvaders_microblaze_project.srcs/sources_1/bd/system/ipshared/a1b8/hdl/axi_crossbar_v2_1_vl_rfs.v:65]
INFO: [Synth 8-256] done synthesizing module 'axi_crossbar_v2_1_15_addr_arbiter_sasd' (5#1) [c:/Projekt/spaceinvaders_project/SpaceInvaders_microblaze_project/SpaceInvaders_microblaze_project.srcs/sources_1/bd/system/ipshared/a1b8/hdl/axi_crossbar_v2_1_vl_rfs.v:65]
INFO: [Synth 8-638] synthesizing module 'axi_crossbar_v2_1_15_splitter' [c:/Projekt/spaceinvaders_project/SpaceInvaders_microblaze_project/SpaceInvaders_microblaze_project.srcs/sources_1/bd/system/ipshared/a1b8/hdl/axi_crossbar_v2_1_vl_rfs.v:4459]
INFO: [Synth 8-256] done synthesizing module 'axi_crossbar_v2_1_15_splitter' (6#1) [c:/Projekt/spaceinvaders_project/SpaceInvaders_microblaze_project/SpaceInvaders_microblaze_project.srcs/sources_1/bd/system/ipshared/a1b8/hdl/axi_crossbar_v2_1_vl_rfs.v:4459]
INFO: [Synth 8-638] synthesizing module 'axi_crossbar_v2_1_15_splitter__parameterized0' [c:/Projekt/spaceinvaders_project/SpaceInvaders_microblaze_project/SpaceInvaders_microblaze_project.srcs/sources_1/bd/system/ipshared/a1b8/hdl/axi_crossbar_v2_1_vl_rfs.v:4459]
INFO: [Synth 8-256] done synthesizing module 'axi_crossbar_v2_1_15_splitter__parameterized0' (6#1) [c:/Projekt/spaceinvaders_project/SpaceInvaders_microblaze_project/SpaceInvaders_microblaze_project.srcs/sources_1/bd/system/ipshared/a1b8/hdl/axi_crossbar_v2_1_vl_rfs.v:4459]
INFO: [Synth 8-638] synthesizing module 'generic_baseblocks_v2_1_0_mux_enc' [c:/Projekt/spaceinvaders_project/SpaceInvaders_microblaze_project/SpaceInvaders_microblaze_project.srcs/sources_1/bd/system/ipshared/b752/hdl/generic_baseblocks_v2_1_vl_rfs.v:2452]
INFO: [Synth 8-256] done synthesizing module 'generic_baseblocks_v2_1_0_mux_enc' (7#1) [c:/Projekt/spaceinvaders_project/SpaceInvaders_microblaze_project/SpaceInvaders_microblaze_project.srcs/sources_1/bd/system/ipshared/b752/hdl/generic_baseblocks_v2_1_vl_rfs.v:2452]
INFO: [Synth 8-638] synthesizing module 'generic_baseblocks_v2_1_0_mux_enc__parameterized0' [c:/Projekt/spaceinvaders_project/SpaceInvaders_microblaze_project/SpaceInvaders_microblaze_project.srcs/sources_1/bd/system/ipshared/b752/hdl/generic_baseblocks_v2_1_vl_rfs.v:2452]
INFO: [Synth 8-256] done synthesizing module 'generic_baseblocks_v2_1_0_mux_enc__parameterized0' (7#1) [c:/Projekt/spaceinvaders_project/SpaceInvaders_microblaze_project/SpaceInvaders_microblaze_project.srcs/sources_1/bd/system/ipshared/b752/hdl/generic_baseblocks_v2_1_vl_rfs.v:2452]
INFO: [Synth 8-638] synthesizing module 'generic_baseblocks_v2_1_0_mux_enc__parameterized1' [c:/Projekt/spaceinvaders_project/SpaceInvaders_microblaze_project/SpaceInvaders_microblaze_project.srcs/sources_1/bd/system/ipshared/b752/hdl/generic_baseblocks_v2_1_vl_rfs.v:2452]
INFO: [Synth 8-256] done synthesizing module 'generic_baseblocks_v2_1_0_mux_enc__parameterized1' (7#1) [c:/Projekt/spaceinvaders_project/SpaceInvaders_microblaze_project/SpaceInvaders_microblaze_project.srcs/sources_1/bd/system/ipshared/b752/hdl/generic_baseblocks_v2_1_vl_rfs.v:2452]
INFO: [Synth 8-638] synthesizing module 'axi_register_slice_v2_1_14_axic_register_slice' [c:/Projekt/spaceinvaders_project/SpaceInvaders_microblaze_project/SpaceInvaders_microblaze_project.srcs/sources_1/bd/system/ipshared/a259/hdl/axi_register_slice_v2_1_vl_rfs.v:189]
INFO: [Synth 8-256] done synthesizing module 'axi_register_slice_v2_1_14_axic_register_slice' (8#1) [c:/Projekt/spaceinvaders_project/SpaceInvaders_microblaze_project/SpaceInvaders_microblaze_project.srcs/sources_1/bd/system/ipshared/a259/hdl/axi_register_slice_v2_1_vl_rfs.v:189]
INFO: [Synth 8-638] synthesizing module 'generic_baseblocks_v2_1_0_mux_enc__parameterized2' [c:/Projekt/spaceinvaders_project/SpaceInvaders_microblaze_project/SpaceInvaders_microblaze_project.srcs/sources_1/bd/system/ipshared/b752/hdl/generic_baseblocks_v2_1_vl_rfs.v:2452]
INFO: [Synth 8-256] done synthesizing module 'generic_baseblocks_v2_1_0_mux_enc__parameterized2' (8#1) [c:/Projekt/spaceinvaders_project/SpaceInvaders_microblaze_project/SpaceInvaders_microblaze_project.srcs/sources_1/bd/system/ipshared/b752/hdl/generic_baseblocks_v2_1_vl_rfs.v:2452]
INFO: [Synth 8-256] done synthesizing module 'axi_crossbar_v2_1_15_crossbar_sasd' (9#1) [c:/Projekt/spaceinvaders_project/SpaceInvaders_microblaze_project/SpaceInvaders_microblaze_project.srcs/sources_1/bd/system/ipshared/a1b8/hdl/axi_crossbar_v2_1_vl_rfs.v:1240]
INFO: [Synth 8-256] done synthesizing module 'axi_crossbar_v2_1_15_axi_crossbar' (10#1) [c:/Projekt/spaceinvaders_project/SpaceInvaders_microblaze_project/SpaceInvaders_microblaze_project.srcs/sources_1/bd/system/ipshared/a1b8/hdl/axi_crossbar_v2_1_vl_rfs.v:4882]
INFO: [Synth 8-256] done synthesizing module 'system_xbar_0' (11#1) [c:/Projekt/spaceinvaders_project/SpaceInvaders_microblaze_project/SpaceInvaders_microblaze_project.srcs/sources_1/bd/system/ip/system_xbar_0/synth/system_xbar_0.v:59]
Finished RTL Elaboration : Time (s): cpu = 00:00:16 ; elapsed = 00:00:17 . Memory (MB): peak = 499.531 ; gain = 222.500
Finished RTL Optimization Phase 1 : Time (s): cpu = 00:00:16 ; elapsed = 00:00:17 . Memory (MB): peak = 499.531 ; gain = 222.500
INFO: [Device 21-403] Loading part xc7a35tcpg236-1
Constraint Validation Runtime : Time (s): cpu = 00:00:00 ; elapsed = 00:00:00.016 . Memory (MB): peak = 725.977 ; gain = 0.000
Finished Constraint Validation : Time (s): cpu = 00:00:27 ; elapsed = 00:00:28 . Memory (MB): peak = 725.977 ; gain = 448.945
Finished Loading Part and Timing Information : Time (s): cpu = 00:00:27 ; elapsed = 00:00:28 . Memory (MB): peak = 725.977 ; gain = 448.945
Finished applying 'set_property' XDC Constraints : Time (s): cpu = 00:00:27 ; elapsed = 00:00:28 . Memory (MB): peak = 725.977 ; gain = 448.945
Finished RTL Optimization Phase 2 : Time (s): cpu = 00:00:27 ; elapsed = 00:00:29 . Memory (MB): peak = 725.977 ; gain = 448.945
Finished Cross Boundary and Area Optimization : Time (s): cpu = 00:00:28 ; elapsed = 00:00:29 . Memory (MB): peak = 725.977 ; gain = 448.945
Finished Applying XDC Timing Constraints : Time (s): cpu = 00:00:36 ; elapsed = 00:00:37 . Memory (MB): peak = 725.977 ; gain = 448.945
Finished Timing Optimization : Time (s): cpu = 00:00:36 ; elapsed = 00:00:37 . Memory (MB): peak = 725.977 ; gain = 448.945
Finished Technology Mapping : Time (s): cpu = 00:00:36 ; elapsed = 00:00:38 . Memory (MB): peak = 725.977 ; gain = 448.945
Finished IO Insertion : Time (s): cpu = 00:00:37 ; elapsed = 00:00:38 . Memory (MB): peak = 725.977 ; gain = 448.945
Finished Renaming Generated Instances : Time (s): cpu = 00:00:37 ; elapsed = 00:00:38 . Memory (MB): peak = 725.977 ; gain = 448.945
Finished Rebuilding User Hierarchy : Time (s): cpu = 00:00:37 ; elapsed = 00:00:38 . Memory (MB): peak = 725.977 ; gain = 448.945
Finished Renaming Generated Ports : Time (s): cpu = 00:00:37 ; elapsed = 00:00:38 . Memory (MB): peak = 725.977 ; gain = 448.945
Finished Handling Custom Attributes : Time (s): cpu = 00:00:37 ; elapsed = 00:00:38 . Memory (MB): peak = 725.977 ; gain = 448.945
Finished Renaming Generated Nets : Time (s): cpu = 00:00:37 ; elapsed = 00:00:38 . Memory (MB): peak = 725.977 ; gain = 448.945

Report Cell Usage: 
+------+-----+------+
|      |Cell |Count |
+------+-----+------+
|1     |LUT1 |     2|
|2     |LUT2 |     7|
|3     |LUT3 |     4|
|4     |LUT4 |    86|
|5     |LUT5 |    18|
|6     |LUT6 |    48|
|7     |FDRE |   130|
+------+-----+------+
Finished Writing Synthesis Report : Time (s): cpu = 00:00:37 ; elapsed = 00:00:38 . Memory (MB): peak = 725.977 ; gain = 448.945
synth_design: Time (s): cpu = 00:00:38 ; elapsed = 00:00:40 . Memory (MB): peak = 725.977 ; gain = 456.957
