
*** Running vivado
    with args -log VGA_v1_0.vdi -applog -m64 -product Vivado -messageDb vivado.pb -mode batch -source VGA_v1_0.tcl -notrace


****** Vivado v2017.3 (64-bit)
  **** SW Build 2018833 on Wed Oct  4 19:58:22 MDT 2017
  **** IP Build 2016188 on Wed Oct  4 21:52:56 MDT 2017
    ** Copyright 1986-2017 Xilinx, Inc. All Rights Reserved.

source VGA_v1_0.tcl -notrace
Command: link_design -top VGA_v1_0 -part xc7a35tcpg236-1
Design is defaulting to srcset: sources_1
Design is defaulting to constrset: constrs_1
INFO: [Netlist 29-17] Analyzing 3 Unisim elements for replacement
INFO: [Netlist 29-28] Unisim Transformation completed in 0 CPU seconds
INFO: [Project 1-479] Netlist was created with Vivado 2017.3
INFO: [Device 21-403] Loading part xc7a35tcpg236-1
INFO: [Project 1-570] Preparing netlist for logic optimization
Parsing XDC File [C:/Projekt/spaceinvaders_project/SpaceInvaders_microblaze_project/SpaceInvaders_microblaze_project.srcs/constrs_1/imports/spaceinvaders_project/vga_constraints.xdc]
WARNING: [Vivado 12-584] No ports matched 'clk'. [C:/Projekt/spaceinvaders_project/SpaceInvaders_microblaze_project/SpaceInvaders_microblaze_project.srcs/constrs_1/imports/spaceinvaders_project/vga_constraints.xdc:2]
CRITICAL WARNING: [Common 17-55] 'set_property' expects at least one object. [C:/Projekt/spaceinvaders_project/SpaceInvaders_microblaze_project/SpaceInvaders_microblaze_project.srcs/constrs_1/imports/spaceinvaders_project/vga_constraints.xdc:2]
Resolution: If [get_<value>] was used to populate the object, check to make sure this command returns at least one valid object.
WARNING: [Vivado 12-584] No ports matched 'clk'. [C:/Projekt/spaceinvaders_project/SpaceInvaders_microblaze_project/SpaceInvaders_microblaze_project.srcs/constrs_1/imports/spaceinvaders_project/vga_constraints.xdc:3]
CRITICAL WARNING: [Common 17-55] 'set_property' expects at least one object. [C:/Projekt/spaceinvaders_project/SpaceInvaders_microblaze_project/SpaceInvaders_microblaze_project.srcs/constrs_1/imports/spaceinvaders_project/vga_constraints.xdc:3]
Resolution: If [get_<value>] was used to populate the object, check to make sure this command returns at least one valid object.
Finished Parsing XDC File [C:/Projekt/spaceinvaders_project/SpaceInvaders_microblaze_project/SpaceInvaders_microblaze_project.srcs/constrs_1/imports/spaceinvaders_project/vga_constraints.xdc]
Parsing XDC File [C:/Projekt/spaceinvaders_project/SpaceInvaders_microblaze_project/SpaceInvaders_microblaze_project.srcs/constrs_1/imports/spaceinvaders_project/Basys3_constraints.xdc]
WARNING: [Vivado 12-584] No ports matched 'button[0]'. [C:/Projekt/spaceinvaders_project/SpaceInvaders_microblaze_project/SpaceInvaders_microblaze_project.srcs/constrs_1/imports/spaceinvaders_project/Basys3_constraints.xdc:9]
CRITICAL WARNING: [Common 17-55] 'set_property' expects at least one object. [C:/Projekt/spaceinvaders_project/SpaceInvaders_microblaze_project/SpaceInvaders_microblaze_project.srcs/constrs_1/imports/spaceinvaders_project/Basys3_constraints.xdc:9]
Resolution: If [get_<value>] was used to populate the object, check to make sure this command returns at least one valid object.
WARNING: [Vivado 12-584] No ports matched 'button[0]'. [C:/Projekt/spaceinvaders_project/SpaceInvaders_microblaze_project/SpaceInvaders_microblaze_project.srcs/constrs_1/imports/spaceinvaders_project/Basys3_constraints.xdc:10]
CRITICAL WARNING: [Common 17-55] 'set_property' expects at least one object. [C:/Projekt/spaceinvaders_project/SpaceInvaders_microblaze_project/SpaceInvaders_microblaze_project.srcs/constrs_1/imports/spaceinvaders_project/Basys3_constraints.xdc:10]
Resolution: If [get_<value>] was used to populate the object, check to make sure this command returns at least one valid object.
WARNING: [Vivado 12-584] No ports matched 'button[1]'. [C:/Projekt/spaceinvaders_project/SpaceInvaders_microblaze_project/SpaceInvaders_microblaze_project.srcs/constrs_1/imports/spaceinvaders_project/Basys3_constraints.xdc:11]
CRITICAL WARNING: [Common 17-55] 'set_property' expects at least one object. [C:/Projekt/spaceinvaders_project/SpaceInvaders_microblaze_project/SpaceInvaders_microblaze_project.srcs/constrs_1/imports/spaceinvaders_project/Basys3_constraints.xdc:11]
Resolution: If [get_<value>] was used to populate the object, check to make sure this command returns at least one valid object.
WARNING: [Vivado 12-584] No ports matched 'button[1]'. [C:/Projekt/spaceinvaders_project/SpaceInvaders_microblaze_project/SpaceInvaders_microblaze_project.srcs/constrs_1/imports/spaceinvaders_project/Basys3_constraints.xdc:12]
CRITICAL WARNING: [Common 17-55] 'set_property' expects at least one object. [C:/Projekt/spaceinvaders_project/SpaceInvaders_microblaze_project/SpaceInvaders_microblaze_project.srcs/constrs_1/imports/spaceinvaders_project/Basys3_constraints.xdc:12]
Resolution: If [get_<value>] was used to populate the object, check to make sure this command returns at least one valid object.
WARNING: [Vivado 12-584] No ports matched 'button[2]'. [C:/Projekt/spaceinvaders_project/SpaceInvaders_microblaze_project/SpaceInvaders_microblaze_project.srcs/constrs_1/imports/spaceinvaders_project/Basys3_constraints.xdc:13]
CRITICAL WARNING: [Common 17-55] 'set_property' expects at least one object. [C:/Projekt/spaceinvaders_project/SpaceInvaders_microblaze_project/SpaceInvaders_microblaze_project.srcs/constrs_1/imports/spaceinvaders_project/Basys3_constraints.xdc:13]
Resolution: If [get_<value>] was used to populate the object, check to make sure this command returns at least one valid object.
WARNING: [Vivado 12-584] No ports matched 'button[2]'. [C:/Projekt/spaceinvaders_project/SpaceInvaders_microblaze_project/SpaceInvaders_microblaze_project.srcs/constrs_1/imports/spaceinvaders_project/Basys3_constraints.xdc:14]
CRITICAL WARNING: [Common 17-55] 'set_property' expects at least one object. [C:/Projekt/spaceinvaders_project/SpaceInvaders_microblaze_project/SpaceInvaders_microblaze_project.srcs/constrs_1/imports/spaceinvaders_project/Basys3_constraints.xdc:14]
Resolution: If [get_<value>] was used to populate the object, check to make sure this command returns at least one valid object.
WARNING: [Vivado 12-584] No ports matched 'button[3]'. [C:/Projekt/spaceinvaders_project/SpaceInvaders_microblaze_project/SpaceInvaders_microblaze_project.srcs/constrs_1/imports/spaceinvaders_project/Basys3_constraints.xdc:15]
CRITICAL WARNING: [Common 17-55] 'set_property' expects at least one object. [C:/Projekt/spaceinvaders_project/SpaceInvaders_microblaze_project/SpaceInvaders_microblaze_project.srcs/constrs_1/imports/spaceinvaders_project/Basys3_constraints.xdc:15]
Resolution: If [get_<value>] was used to populate the object, check to make sure this command returns at least one valid object.
WARNING: [Vivado 12-584] No ports matched 'button[3]'. [C:/Projekt/spaceinvaders_project/SpaceInvaders_microblaze_project/SpaceInvaders_microblaze_project.srcs/constrs_1/imports/spaceinvaders_project/Basys3_constraints.xdc:16]
CRITICAL WARNING: [Common 17-55] 'set_property' expects at least one object. [C:/Projekt/spaceinvaders_project/SpaceInvaders_microblaze_project/SpaceInvaders_microblaze_project.srcs/constrs_1/imports/spaceinvaders_project/Basys3_constraints.xdc:16]
Resolution: If [get_<value>] was used to populate the object, check to make sure this command returns at least one valid object.
WARNING: [Vivado 12-584] No ports matched 'led[0]'. [C:/Projekt/spaceinvaders_project/SpaceInvaders_microblaze_project/SpaceInvaders_microblaze_project.srcs/constrs_1/imports/spaceinvaders_project/Basys3_constraints.xdc:19]
CRITICAL WARNING: [Common 17-55] 'set_property' expects at least one object. [C:/Projekt/spaceinvaders_project/SpaceInvaders_microblaze_project/SpaceInvaders_microblaze_project.srcs/constrs_1/imports/spaceinvaders_project/Basys3_constraints.xdc:19]
Resolution: If [get_<value>] was used to populate the object, check to make sure this command returns at least one valid object.
WARNING: [Vivado 12-584] No ports matched 'led[0]'. [C:/Projekt/spaceinvaders_project/SpaceInvaders_microblaze_project/SpaceInvaders_microblaze_project.srcs/constrs_1/imports/spaceinvaders_project/Basys3_constraints.xdc:20]
CRITICAL WARNING: [Common 17-55] 'set_property' expects at least one object. [C:/Projekt/spaceinvaders_project/SpaceInvaders_microblaze_project/SpaceInvaders_microblaze_project.srcs/constrs_1/imports/spaceinvaders_project/Basys3_constraints.xdc:20]
Resolution: If [get_<value>] was used to populate the object, check to make sure this command returns at least one valid object.
WARNING: [Vivado 12-584] No ports matched 'led[1]'. [C:/Projekt/spaceinvaders_project/SpaceInvaders_microblaze_project/SpaceInvaders_microblaze_project.srcs/constrs_1/imports/spaceinvaders_project/Basys3_constraints.xdc:21]
CRITICAL WARNING: [Common 17-55] 'set_property' expects at least one object. [C:/Projekt/spaceinvaders_project/SpaceInvaders_microblaze_project/SpaceInvaders_microblaze_project.srcs/constrs_1/imports/spaceinvaders_project/Basys3_constraints.xdc:21]
Resolution: If [get_<value>] was used to populate the object, check to make sure this command returns at least one valid object.
WARNING: [Vivado 12-584] No ports matched 'led[1]'. [C:/Projekt/spaceinvaders_project/SpaceInvaders_microblaze_project/SpaceInvaders_microblaze_project.srcs/constrs_1/imports/spaceinvaders_project/Basys3_constraints.xdc:22]
CRITICAL WARNING: [Common 17-55] 'set_property' expects at least one object. [C:/Projekt/spaceinvaders_project/SpaceInvaders_microblaze_project/SpaceInvaders_microblaze_project.srcs/constrs_1/imports/spaceinvaders_project/Basys3_constraints.xdc:22]
Resolution: If [get_<value>] was used to populate the object, check to make sure this command returns at least one valid object.
WARNING: [Vivado 12-584] No ports matched 'led[2]'. [C:/Projekt/spaceinvaders_project/SpaceInvaders_microblaze_project/SpaceInvaders_microblaze_project.srcs/constrs_1/imports/spaceinvaders_project/Basys3_constraints.xdc:23]
CRITICAL WARNING: [Common 17-55] 'set_property' expects at least one object. [C:/Projekt/spaceinvaders_project/SpaceInvaders_microblaze_project/SpaceInvaders_microblaze_project.srcs/constrs_1/imports/spaceinvaders_project/Basys3_constraints.xdc:23]
Resolution: If [get_<value>] was used to populate the object, check to make sure this command returns at least one valid object.
WARNING: [Vivado 12-584] No ports matched 'led[2]'. [C:/Projekt/spaceinvaders_project/SpaceInvaders_microblaze_project/SpaceInvaders_microblaze_project.srcs/constrs_1/imports/spaceinvaders_project/Basys3_constraints.xdc:24]
CRITICAL WARNING: [Common 17-55] 'set_property' expects at least one object. [C:/Projekt/spaceinvaders_project/SpaceInvaders_microblaze_project/SpaceInvaders_microblaze_project.srcs/constrs_1/imports/spaceinvaders_project/Basys3_constraints.xdc:24]
Resolution: If [get_<value>] was used to populate the object, check to make sure this command returns at least one valid object.
WARNING: [Vivado 12-584] No ports matched 'led[3]'. [C:/Projekt/spaceinvaders_project/SpaceInvaders_microblaze_project/SpaceInvaders_microblaze_project.srcs/constrs_1/imports/spaceinvaders_project/Basys3_constraints.xdc:25]
CRITICAL WARNING: [Common 17-55] 'set_property' expects at least one object. [C:/Projekt/spaceinvaders_project/SpaceInvaders_microblaze_project/SpaceInvaders_microblaze_project.srcs/constrs_1/imports/spaceinvaders_project/Basys3_constraints.xdc:25]
Resolution: If [get_<value>] was used to populate the object, check to make sure this command returns at least one valid object.
WARNING: [Vivado 12-584] No ports matched 'led[3]'. [C:/Projekt/spaceinvaders_project/SpaceInvaders_microblaze_project/SpaceInvaders_microblaze_project.srcs/constrs_1/imports/spaceinvaders_project/Basys3_constraints.xdc:26]
CRITICAL WARNING: [Common 17-55] 'set_property' expects at least one object. [C:/Projekt/spaceinvaders_project/SpaceInvaders_microblaze_project/SpaceInvaders_microblaze_project.srcs/constrs_1/imports/spaceinvaders_project/Basys3_constraints.xdc:26]
Resolution: If [get_<value>] was used to populate the object, check to make sure this command returns at least one valid object.
WARNING: [Vivado 12-584] No ports matched 'led[4]'. [C:/Projekt/spaceinvaders_project/SpaceInvaders_microblaze_project/SpaceInvaders_microblaze_project.srcs/constrs_1/imports/spaceinvaders_project/Basys3_constraints.xdc:27]
CRITICAL WARNING: [Common 17-55] 'set_property' expects at least one object. [C:/Projekt/spaceinvaders_project/SpaceInvaders_microblaze_project/SpaceInvaders_microblaze_project.srcs/constrs_1/imports/spaceinvaders_project/Basys3_constraints.xdc:27]
Resolution: If [get_<value>] was used to populate the object, check to make sure this command returns at least one valid object.
WARNING: [Vivado 12-584] No ports matched 'led[4]'. [C:/Projekt/spaceinvaders_project/SpaceInvaders_microblaze_project/SpaceInvaders_microblaze_project.srcs/constrs_1/imports/spaceinvaders_project/Basys3_constraints.xdc:28]
CRITICAL WARNING: [Common 17-55] 'set_property' expects at least one object. [C:/Projekt/spaceinvaders_project/SpaceInvaders_microblaze_project/SpaceInvaders_microblaze_project.srcs/constrs_1/imports/spaceinvaders_project/Basys3_constraints.xdc:28]
Resolution: If [get_<value>] was used to populate the object, check to make sure this command returns at least one valid object.
WARNING: [Vivado 12-584] No ports matched 'led[5]'. [C:/Projekt/spaceinvaders_project/SpaceInvaders_microblaze_project/SpaceInvaders_microblaze_project.srcs/constrs_1/imports/spaceinvaders_project/Basys3_constraints.xdc:29]
CRITICAL WARNING: [Common 17-55] 'set_property' expects at least one object. [C:/Projekt/spaceinvaders_project/SpaceInvaders_microblaze_project/SpaceInvaders_microblaze_project.srcs/constrs_1/imports/spaceinvaders_project/Basys3_constraints.xdc:29]
Resolution: If [get_<value>] was used to populate the object, check to make sure this command returns at least one valid object.
WARNING: [Vivado 12-584] No ports matched 'led[5]'. [C:/Projekt/spaceinvaders_project/SpaceInvaders_microblaze_project/SpaceInvaders_microblaze_project.srcs/constrs_1/imports/spaceinvaders_project/Basys3_constraints.xdc:30]
CRITICAL WARNING: [Common 17-55] 'set_property' expects at least one object. [C:/Projekt/spaceinvaders_project/SpaceInvaders_microblaze_project/SpaceInvaders_microblaze_project.srcs/constrs_1/imports/spaceinvaders_project/Basys3_constraints.xdc:30]
Resolution: If [get_<value>] was used to populate the object, check to make sure this command returns at least one valid object.
WARNING: [Vivado 12-584] No ports matched 'led[6]'. [C:/Projekt/spaceinvaders_project/SpaceInvaders_microblaze_project/SpaceInvaders_microblaze_project.srcs/constrs_1/imports/spaceinvaders_project/Basys3_constraints.xdc:31]
CRITICAL WARNING: [Common 17-55] 'set_property' expects at least one object. [C:/Projekt/spaceinvaders_project/SpaceInvaders_microblaze_project/SpaceInvaders_microblaze_project.srcs/constrs_1/imports/spaceinvaders_project/Basys3_constraints.xdc:31]
Resolution: If [get_<value>] was used to populate the object, check to make sure this command returns at least one valid object.
WARNING: [Vivado 12-584] No ports matched 'led[6]'. [C:/Projekt/spaceinvaders_project/SpaceInvaders_microblaze_project/SpaceInvaders_microblaze_project.srcs/constrs_1/imports/spaceinvaders_project/Basys3_constraints.xdc:32]
CRITICAL WARNING: [Common 17-55] 'set_property' expects at least one object. [C:/Projekt/spaceinvaders_project/SpaceInvaders_microblaze_project/SpaceInvaders_microblaze_project.srcs/constrs_1/imports/spaceinvaders_project/Basys3_constraints.xdc:32]
Resolution: If [get_<value>] was used to populate the object, check to make sure this command returns at least one valid object.
WARNING: [Vivado 12-584] No ports matched 'led[7]'. [C:/Projekt/spaceinvaders_project/SpaceInvaders_microblaze_project/SpaceInvaders_microblaze_project.srcs/constrs_1/imports/spaceinvaders_project/Basys3_constraints.xdc:33]
CRITICAL WARNING: [Common 17-55] 'set_property' expects at least one object. [C:/Projekt/spaceinvaders_project/SpaceInvaders_microblaze_project/SpaceInvaders_microblaze_project.srcs/constrs_1/imports/spaceinvaders_project/Basys3_constraints.xdc:33]
Resolution: If [get_<value>] was used to populate the object, check to make sure this command returns at least one valid object.
WARNING: [Vivado 12-584] No ports matched 'led[7]'. [C:/Projekt/spaceinvaders_project/SpaceInvaders_microblaze_project/SpaceInvaders_microblaze_project.srcs/constrs_1/imports/spaceinvaders_project/Basys3_constraints.xdc:34]
CRITICAL WARNING: [Common 17-55] 'set_property' expects at least one object. [C:/Projekt/spaceinvaders_project/SpaceInvaders_microblaze_project/SpaceInvaders_microblaze_project.srcs/constrs_1/imports/spaceinvaders_project/Basys3_constraints.xdc:34]
Resolution: If [get_<value>] was used to populate the object, check to make sure this command returns at least one valid object.
WARNING: [Vivado 12-584] No ports matched 'led[8]'. [C:/Projekt/spaceinvaders_project/SpaceInvaders_microblaze_project/SpaceInvaders_microblaze_project.srcs/constrs_1/imports/spaceinvaders_project/Basys3_constraints.xdc:35]
CRITICAL WARNING: [Common 17-55] 'set_property' expects at least one object. [C:/Projekt/spaceinvaders_project/SpaceInvaders_microblaze_project/SpaceInvaders_microblaze_project.srcs/constrs_1/imports/spaceinvaders_project/Basys3_constraints.xdc:35]
Resolution: If [get_<value>] was used to populate the object, check to make sure this command returns at least one valid object.
WARNING: [Vivado 12-584] No ports matched 'led[8]'. [C:/Projekt/spaceinvaders_project/SpaceInvaders_microblaze_project/SpaceInvaders_microblaze_project.srcs/constrs_1/imports/spaceinvaders_project/Basys3_constraints.xdc:36]
CRITICAL WARNING: [Common 17-55] 'set_property' expects at least one object. [C:/Projekt/spaceinvaders_project/SpaceInvaders_microblaze_project/SpaceInvaders_microblaze_project.srcs/constrs_1/imports/spaceinvaders_project/Basys3_constraints.xdc:36]
Resolution: If [get_<value>] was used to populate the object, check to make sure this command returns at least one valid object.
WARNING: [Vivado 12-584] No ports matched 'led[9]'. [C:/Projekt/spaceinvaders_project/SpaceInvaders_microblaze_project/SpaceInvaders_microblaze_project.srcs/constrs_1/imports/spaceinvaders_project/Basys3_constraints.xdc:37]
CRITICAL WARNING: [Common 17-55] 'set_property' expects at least one object. [C:/Projekt/spaceinvaders_project/SpaceInvaders_microblaze_project/SpaceInvaders_microblaze_project.srcs/constrs_1/imports/spaceinvaders_project/Basys3_constraints.xdc:37]
Resolution: If [get_<value>] was used to populate the object, check to make sure this command returns at least one valid object.
WARNING: [Vivado 12-584] No ports matched 'led[9]'. [C:/Projekt/spaceinvaders_project/SpaceInvaders_microblaze_project/SpaceInvaders_microblaze_project.srcs/constrs_1/imports/spaceinvaders_project/Basys3_constraints.xdc:38]
CRITICAL WARNING: [Common 17-55] 'set_property' expects at least one object. [C:/Projekt/spaceinvaders_project/SpaceInvaders_microblaze_project/SpaceInvaders_microblaze_project.srcs/constrs_1/imports/spaceinvaders_project/Basys3_constraints.xdc:38]
Resolution: If [get_<value>] was used to populate the object, check to make sure this command returns at least one valid object.
WARNING: [Vivado 12-584] No ports matched 'led[10]'. [C:/Projekt/spaceinvaders_project/SpaceInvaders_microblaze_project/SpaceInvaders_microblaze_project.srcs/constrs_1/imports/spaceinvaders_project/Basys3_constraints.xdc:39]
CRITICAL WARNING: [Common 17-55] 'set_property' expects at least one object. [C:/Projekt/spaceinvaders_project/SpaceInvaders_microblaze_project/SpaceInvaders_microblaze_project.srcs/constrs_1/imports/spaceinvaders_project/Basys3_constraints.xdc:39]
Resolution: If [get_<value>] was used to populate the object, check to make sure this command returns at least one valid object.
WARNING: [Vivado 12-584] No ports matched 'led[10]'. [C:/Projekt/spaceinvaders_project/SpaceInvaders_microblaze_project/SpaceInvaders_microblaze_project.srcs/constrs_1/imports/spaceinvaders_project/Basys3_constraints.xdc:40]
CRITICAL WARNING: [Common 17-55] 'set_property' expects at least one object. [C:/Projekt/spaceinvaders_project/SpaceInvaders_microblaze_project/SpaceInvaders_microblaze_project.srcs/constrs_1/imports/spaceinvaders_project/Basys3_constraints.xdc:40]
Resolution: If [get_<value>] was used to populate the object, check to make sure this command returns at least one valid object.
WARNING: [Vivado 12-584] No ports matched 'led[11]'. [C:/Projekt/spaceinvaders_project/SpaceInvaders_microblaze_project/SpaceInvaders_microblaze_project.srcs/constrs_1/imports/spaceinvaders_project/Basys3_constraints.xdc:41]
CRITICAL WARNING: [Common 17-55] 'set_property' expects at least one object. [C:/Projekt/spaceinvaders_project/SpaceInvaders_microblaze_project/SpaceInvaders_microblaze_project.srcs/constrs_1/imports/spaceinvaders_project/Basys3_constraints.xdc:41]
Resolution: If [get_<value>] was used to populate the object, check to make sure this command returns at least one valid object.
WARNING: [Vivado 12-584] No ports matched 'led[11]'. [C:/Projekt/spaceinvaders_project/SpaceInvaders_microblaze_project/SpaceInvaders_microblaze_project.srcs/constrs_1/imports/spaceinvaders_project/Basys3_constraints.xdc:42]
CRITICAL WARNING: [Common 17-55] 'set_property' expects at least one object. [C:/Projekt/spaceinvaders_project/SpaceInvaders_microblaze_project/SpaceInvaders_microblaze_project.srcs/constrs_1/imports/spaceinvaders_project/Basys3_constraints.xdc:42]
Resolution: If [get_<value>] was used to populate the object, check to make sure this command returns at least one valid object.
WARNING: [Vivado 12-584] No ports matched 'led[12]'. [C:/Projekt/spaceinvaders_project/SpaceInvaders_microblaze_project/SpaceInvaders_microblaze_project.srcs/constrs_1/imports/spaceinvaders_project/Basys3_constraints.xdc:43]
CRITICAL WARNING: [Common 17-55] 'set_property' expects at least one object. [C:/Projekt/spaceinvaders_project/SpaceInvaders_microblaze_project/SpaceInvaders_microblaze_project.srcs/constrs_1/imports/spaceinvaders_project/Basys3_constraints.xdc:43]
Resolution: If [get_<value>] was used to populate the object, check to make sure this command returns at least one valid object.
WARNING: [Vivado 12-584] No ports matched 'led[12]'. [C:/Projekt/spaceinvaders_project/SpaceInvaders_microblaze_project/SpaceInvaders_microblaze_project.srcs/constrs_1/imports/spaceinvaders_project/Basys3_constraints.xdc:44]
CRITICAL WARNING: [Common 17-55] 'set_property' expects at least one object. [C:/Projekt/spaceinvaders_project/SpaceInvaders_microblaze_project/SpaceInvaders_microblaze_project.srcs/constrs_1/imports/spaceinvaders_project/Basys3_constraints.xdc:44]
Resolution: If [get_<value>] was used to populate the object, check to make sure this command returns at least one valid object.
WARNING: [Vivado 12-584] No ports matched 'led[13]'. [C:/Projekt/spaceinvaders_project/SpaceInvaders_microblaze_project/SpaceInvaders_microblaze_project.srcs/constrs_1/imports/spaceinvaders_project/Basys3_constraints.xdc:45]
CRITICAL WARNING: [Common 17-55] 'set_property' expects at least one object. [C:/Projekt/spaceinvaders_project/SpaceInvaders_microblaze_project/SpaceInvaders_microblaze_project.srcs/constrs_1/imports/spaceinvaders_project/Basys3_constraints.xdc:45]
Resolution: If [get_<value>] was used to populate the object, check to make sure this command returns at least one valid object.
WARNING: [Vivado 12-584] No ports matched 'led[13]'. [C:/Projekt/spaceinvaders_project/SpaceInvaders_microblaze_project/SpaceInvaders_microblaze_project.srcs/constrs_1/imports/spaceinvaders_project/Basys3_constraints.xdc:46]
CRITICAL WARNING: [Common 17-55] 'set_property' expects at least one object. [C:/Projekt/spaceinvaders_project/SpaceInvaders_microblaze_project/SpaceInvaders_microblaze_project.srcs/constrs_1/imports/spaceinvaders_project/Basys3_constraints.xdc:46]
Resolution: If [get_<value>] was used to populate the object, check to make sure this command returns at least one valid object.
WARNING: [Vivado 12-584] No ports matched 'led[14]'. [C:/Projekt/spaceinvaders_project/SpaceInvaders_microblaze_project/SpaceInvaders_microblaze_project.srcs/constrs_1/imports/spaceinvaders_project/Basys3_constraints.xdc:47]
CRITICAL WARNING: [Common 17-55] 'set_property' expects at least one object. [C:/Projekt/spaceinvaders_project/SpaceInvaders_microblaze_project/SpaceInvaders_microblaze_project.srcs/constrs_1/imports/spaceinvaders_project/Basys3_constraints.xdc:47]
Resolution: If [get_<value>] was used to populate the object, check to make sure this command returns at least one valid object.
WARNING: [Vivado 12-584] No ports matched 'led[14]'. [C:/Projekt/spaceinvaders_project/SpaceInvaders_microblaze_project/SpaceInvaders_microblaze_project.srcs/constrs_1/imports/spaceinvaders_project/Basys3_constraints.xdc:48]
CRITICAL WARNING: [Common 17-55] 'set_property' expects at least one object. [C:/Projekt/spaceinvaders_project/SpaceInvaders_microblaze_project/SpaceInvaders_microblaze_project.srcs/constrs_1/imports/spaceinvaders_project/Basys3_constraints.xdc:48]
Resolution: If [get_<value>] was used to populate the object, check to make sure this command returns at least one valid object.
WARNING: [Vivado 12-584] No ports matched 'led[15]'. [C:/Projekt/spaceinvaders_project/SpaceInvaders_microblaze_project/SpaceInvaders_microblaze_project.srcs/constrs_1/imports/spaceinvaders_project/Basys3_constraints.xdc:49]
CRITICAL WARNING: [Common 17-55] 'set_property' expects at least one object. [C:/Projekt/spaceinvaders_project/SpaceInvaders_microblaze_project/SpaceInvaders_microblaze_project.srcs/constrs_1/imports/spaceinvaders_project/Basys3_constraints.xdc:49]
Resolution: If [get_<value>] was used to populate the object, check to make sure this command returns at least one valid object.
WARNING: [Vivado 12-584] No ports matched 'led[15]'. [C:/Projekt/spaceinvaders_project/SpaceInvaders_microblaze_project/SpaceInvaders_microblaze_project.srcs/constrs_1/imports/spaceinvaders_project/Basys3_constraints.xdc:50]
CRITICAL WARNING: [Common 17-55] 'set_property' expects at least one object. [C:/Projekt/spaceinvaders_project/SpaceInvaders_microblaze_project/SpaceInvaders_microblaze_project.srcs/constrs_1/imports/spaceinvaders_project/Basys3_constraints.xdc:50]
Resolution: If [get_<value>] was used to populate the object, check to make sure this command returns at least one valid object.
Finished Parsing XDC File [C:/Projekt/spaceinvaders_project/SpaceInvaders_microblaze_project/SpaceInvaders_microblaze_project.srcs/constrs_1/imports/spaceinvaders_project/Basys3_constraints.xdc]
INFO: [Opt 31-138] Pushed 0 inverter(s) to 0 load pin(s).
INFO: [Project 1-111] Unisim Transformation Summary:
No Unisim elements were transformed.

7 Infos, 42 Warnings, 42 Critical Warnings and 0 Errors encountered.
link_design completed successfully
Command: opt_design
Attempting to get a license for feature 'Implementation' and/or device 'xc7a35t'
INFO: [Common 17-349] Got license for feature 'Implementation' and/or device 'xc7a35t'
Running DRC as a precondition to command opt_design

Starting DRC Task
INFO: [DRC 23-27] Running DRC with 2 threads
INFO: [Project 1-461] DRC finished with 0 Errors
INFO: [Project 1-462] Please refer to the DRC report (report_drc) for more information.

Time (s): cpu = 00:00:01 ; elapsed = 00:00:00.573 . Memory (MB): peak = 528.570 ; gain = 11.652
INFO: [Timing 38-35] Done setting XDC timing constraints.

Starting Logic Optimization Task

Phase 1 Retarget
INFO: [Opt 31-138] Pushed 0 inverter(s) to 0 load pin(s).
INFO: [Opt 31-49] Retargeted 0 cell(s).
Phase 1 Retarget | Checksum: 191ef21cc

Time (s): cpu = 00:00:00 ; elapsed = 00:00:00.011 . Memory (MB): peak = 1018.129 ; gain = 0.000
INFO: [Opt 31-389] Phase Retarget created 0 cells and removed 0 cells

Phase 2 Constant propagation
INFO: [Opt 31-138] Pushed 0 inverter(s) to 0 load pin(s).
Phase 2 Constant propagation | Checksum: 191ef21cc

Time (s): cpu = 00:00:00 ; elapsed = 00:00:00.013 . Memory (MB): peak = 1018.129 ; gain = 0.000
INFO: [Opt 31-389] Phase Constant propagation created 0 cells and removed 0 cells

Phase 3 Sweep
Phase 3 Sweep | Checksum: 139f0caae

Time (s): cpu = 00:00:00 ; elapsed = 00:00:00.020 . Memory (MB): peak = 1018.129 ; gain = 0.000
INFO: [Opt 31-389] Phase Sweep created 11 cells and removed 0 cells

Phase 4 BUFG optimization
Phase 4 BUFG optimization | Checksum: 139f0caae

Time (s): cpu = 00:00:00 ; elapsed = 00:00:00.024 . Memory (MB): peak = 1018.129 ; gain = 0.000
INFO: [Opt 31-389] Phase BUFG optimization created 0 cells and removed 0 cells

Phase 5 Shift Register Optimization
Phase 5 Shift Register Optimization | Checksum: 139f0caae

Time (s): cpu = 00:00:00 ; elapsed = 00:00:00.026 . Memory (MB): peak = 1018.129 ; gain = 0.000
INFO: [Opt 31-389] Phase Shift Register Optimization created 0 cells and removed 0 cells

Starting Connectivity Check Task

Time (s): cpu = 00:00:00 ; elapsed = 00:00:00 . Memory (MB): peak = 1018.129 ; gain = 0.000
Ending Logic Optimization Task | Checksum: 1051da32a

Time (s): cpu = 00:00:00 ; elapsed = 00:00:00.029 . Memory (MB): peak = 1018.129 ; gain = 0.000

Starting Power Optimization Task
INFO: [Pwropt 34-132] Skipping clock gating for clocks with a period < 2.00 ns.
Ending Power Optimization Task | Checksum: 1cbac29b1

Time (s): cpu = 00:00:00 ; elapsed = 00:00:00.005 . Memory (MB): peak = 1018.129 ; gain = 0.000
INFO: [Common 17-83] Releasing license: Implementation
22 Infos, 42 Warnings, 42 Critical Warnings and 0 Errors encountered.
opt_design completed successfully
opt_design: Time (s): cpu = 00:00:11 ; elapsed = 00:00:11 . Memory (MB): peak = 1018.129 ; gain = 501.211
Writing placer database...
Writing XDEF routing.
Writing XDEF routing logical nets.
Writing XDEF routing special nets.
Write XDEF Complete: Time (s): cpu = 00:00:00 ; elapsed = 00:00:00.030 . Memory (MB): peak = 1018.129 ; gain = 0.000
INFO: [Common 17-1381] The checkpoint 'C:/Projekt/spaceinvaders_project/SpaceInvaders_microblaze_project/SpaceInvaders_microblaze_project.runs/impl_1/VGA_v1_0_opt.dcp' has been generated.
INFO: [runtcl-4] Executing : report_drc -file VGA_v1_0_drc_opted.rpt -pb VGA_v1_0_drc_opted.pb -rpx VGA_v1_0_drc_opted.rpx
Command: report_drc -file VGA_v1_0_drc_opted.rpt -pb VGA_v1_0_drc_opted.pb -rpx VGA_v1_0_drc_opted.rpx
INFO: [DRC 23-27] Running DRC with 2 threads
INFO: [Coretcl 2-168] The results of DRC are in file C:/Projekt/spaceinvaders_project/SpaceInvaders_microblaze_project/SpaceInvaders_microblaze_project.runs/impl_1/VGA_v1_0_drc_opted.rpt.
report_drc completed successfully
INFO: [Chipscope 16-241] No debug cores found in the current design.
Before running the implement_debug_core command, either use the Set Up Debug wizard (GUI mode)
or use the create_debug_core and connect_debug_core Tcl commands to insert debug cores into the design.
Command: place_design
Attempting to get a license for feature 'Implementation' and/or device 'xc7a35t'
INFO: [Common 17-349] Got license for feature 'Implementation' and/or device 'xc7a35t'
INFO: [DRC 23-27] Running DRC with 2 threads
INFO: [Vivado_Tcl 4-198] DRC finished with 0 Errors
INFO: [Vivado_Tcl 4-199] Please refer to the DRC report (report_drc) for more information.
Running DRC as a precondition to command place_design
INFO: [DRC 23-27] Running DRC with 2 threads
ERROR: [DRC REQP-123] connects_CLKINSEL_VCC_connects_CLKIN1_ACTIVE: clk_in_mmcme2: The MMCME2_ADV with CLKINSEL tied high requires the CLKIN1 pin to be active.
INFO: [Vivado_Tcl 4-198] DRC finished with 1 Errors
INFO: [Vivado_Tcl 4-199] Please refer to the DRC report (report_drc) for more information.
ERROR: [Vivado_Tcl 4-23] Error(s) found during DRC. Placer not run.
INFO: [Common 17-83] Releasing license: Implementation
35 Infos, 42 Warnings, 42 Critical Warnings and 2 Errors encountered.
place_design failed
ERROR: [Common 17-39] 'place_design' failed due to earlier errors.

INFO: [Common 17-206] Exiting Vivado at Tue Aug 11 21:16:01 2020...
