Copyright 1986-2017 Xilinx, Inc. All Rights Reserved.
------------------------------------------------------------------------------------
| Tool Version : Vivado v.2017.3 (win64) Build 2018833 Wed Oct  4 19:58:22 MDT 2017
| Date         : Thu Jul 30 12:49:17 2020
| Host         : DESKTOP-GG9V6KE running 64-bit major release  (build 9200)
| Command      : report_control_sets -file system_wrapper_control_sets_placed.rpt
| Design       : system_wrapper
| Device       : xc7a35t
------------------------------------------------------------------------------------

Control Set Information

Table of Contents
-----------------
1. Summary
2. Flip-Flop Distribution

1. Summary
----------

+-------------------------------+-------+
|             Status            | Count |
+-------------------------------+-------+
| Number of unique control sets |    68 |
+-------------------------------+-------+


2. Flip-Flop Distribution
-------------------------

+--------------+-----------------------+------------------------+-----------------+--------------+
| Clock Enable | Synchronous Set/Reset | Asynchronous Set/Reset | Total Registers | Total Slices |
+--------------+-----------------------+------------------------+-----------------+--------------+
| No           | No                    | No                     |             272 |          108 |
| No           | No                    | Yes                    |              29 |            7 |
| No           | Yes                   | No                     |             294 |          128 |
| Yes          | No                    | No                     |             236 |           72 |
| Yes          | No                    | Yes                    |              15 |            8 |
| Yes          | Yes                   | No                     |             615 |          202 |
+--------------+-----------------------+------------------------+-----------------+--------------+


