12:33:12 INFO  : Registering command handlers for SDK TCF services
12:33:13 INFO  : Launching XSCT server: xsct.bat -interactive C:\Projekt\spaceinvaders_project\SpaceInvaders_microblaze_project\SpaceInvaders_microblaze_project.sdk\temp_xsdb_launch_script.tcl
12:33:15 INFO  : XSCT server has started successfully.
12:33:16 INFO  : Successfully done setting XSCT server connection channel  
12:33:16 INFO  : Successfully done setting SDK workspace  
12:33:16 INFO  : Processing command line option -hwspec C:/Projekt/spaceinvaders_project/SpaceInvaders_microblaze_project/SpaceInvaders_microblaze_project.sdk/system_wrapper.hdf.
12:37:27 INFO  : Connected to target on host '127.0.0.1' and port '3121'.
12:38:28 INFO  : Connected to target on host '127.0.0.1' and port '3121'.
12:38:28 INFO  : 'targets -set -filter {jtag_cable_name =~ "Digilent Basys3 210183795557A" && level==0} -index 0' command is executed.
12:38:29 INFO  : FPGA configured successfully with bitstream "C:/Projekt/spaceinvaders_project/SpaceInvaders_microblaze_project/SpaceInvaders_microblaze_project.sdk/system_wrapper_hw_platform_0/download.bit"
12:40:12 INFO  : 'targets -set -filter {jtag_cable_name =~ "Digilent Basys3 210183795557A" && level==0} -index 0' command is executed.
12:40:12 INFO  : 'fpga -state' command is executed.
12:40:12 INFO  : Connected to target on host '127.0.0.1' and port '3121'.
12:40:13 INFO  : Jtag cable 'Digilent Basys3 210183795557A' is selected.
12:40:13 INFO  : 'jtag frequency' command is executed.
12:40:13 INFO  : Context for processor 'microblaze_0' is selected.
12:40:13 INFO  : Processor reset is completed for 'microblaze_0'.
12:40:13 INFO  : Context for processor 'microblaze_0' is selected.
12:40:13 INFO  : The application 'C:/Projekt/spaceinvaders_project/SpaceInvaders_microblaze_project/SpaceInvaders_microblaze_project.sdk/Hello_world/Debug/Hello_world.elf' is downloaded to processor 'microblaze_0'.
12:40:13 INFO  : ----------------XSDB Script----------------
connect -url tcp:127.0.0.1:3121
targets -set -nocase -filter {name =~ "microblaze*#0" && bscan=="USER2"  && jtag_cable_name =~ "Digilent Basys3 210183795557A"} -index 0
rst -processor
targets -set -nocase -filter {name =~ "microblaze*#0" && bscan=="USER2"  && jtag_cable_name =~ "Digilent Basys3 210183795557A"} -index 0
dow C:/Projekt/spaceinvaders_project/SpaceInvaders_microblaze_project/SpaceInvaders_microblaze_project.sdk/Hello_world/Debug/Hello_world.elf
----------------End of Script----------------

12:40:13 INFO  : Memory regions updated for context MicroBlaze #0
12:40:13 INFO  : Memory regions updated for context MicroBlaze Debug Module at USER2
12:40:13 INFO  : Context for processor 'microblaze_0' is selected.
12:40:13 INFO  : 'con' command is executed.
12:40:13 INFO  : ----------------XSDB Script (After Launch)----------------
targets -set -nocase -filter {name =~ "microblaze*#0" && bscan=="USER2"  && jtag_cable_name =~ "Digilent Basys3 210183795557A"} -index 0
con
----------------End of Script----------------

12:40:13 INFO  : Launch script is exported to file 'C:\Projekt\spaceinvaders_project\SpaceInvaders_microblaze_project\SpaceInvaders_microblaze_project.sdk\.sdk\launch_scripts\xilinx_c-c++_application_(system_debugger)\system_debugger_using_debug_hello_world.elf_on_local.tcl'
12:41:46 INFO  : Disconnected from the channel tcfchan#1.
